[debug] [2020-09-23T13:10:03.088Z] ----------------------------------------------------------------------
[debug] [2020-09-23T13:10:03.092Z] Command:       C:\Program Files\nodejs\node.exe C:\Users\kevin.grondin\AppData\Roaming\npm\node_modules\firebase-tools\lib\bin\firebase.js emulators:start
[debug] [2020-09-23T13:10:03.093Z] CLI Version:   8.10.0
[debug] [2020-09-23T13:10:03.093Z] Platform:      win32
[debug] [2020-09-23T13:10:03.093Z] Node Version:  v14.5.0
[debug] [2020-09-23T13:10:03.094Z] Time:          Wed Sep 23 2020 17:10:03 GMT+0400 (heure du Golfe)
[debug] [2020-09-23T13:10:03.095Z] ----------------------------------------------------------------------
[debug] [2020-09-23T13:10:03.095Z] 
[debug] [2020-09-23T13:10:03.108Z] > command requires scopes: ["email","openid","https://www.googleapis.com/auth/cloudplatformprojects.readonly","https://www.googleapis.com/auth/firebase","https://www.googleapis.com/auth/cloud-platform"]
[debug] [2020-09-23T13:10:03.109Z] > authorizing via signed-in user
[info] i  emulators: Starting emulators: functions {"metadata":{"emulator":{"name":"hub"},"message":"Starting emulators: functions"}}
[debug] [2020-09-23T13:10:05.164Z] [hub] writing locator at C:\Users\KEVIN~1.GRO\AppData\Local\Temp\hub-kg-amaz.json
[warn] !  functions: The following emulators are not running, calls to these services from the Functions emulator will affect production: firestore, database, hosting, pubsub {"metadata":{"emulator":{"name":"functions"},"message":"The following emulators are not running, calls to these services from the Functions emulator will affect production: \u001b[1mfirestore, database, hosting, pubsub\u001b[22m"}}
[warn] !  Your requested "node" version "10" doesn't match your global version "14" {"metadata":{"emulator":{"name":"functions"},"message":"Your requested \"node\" version \"10\" doesn't match your global version \"14\""}}
[debug] [2020-09-23T13:10:07.308Z] defaultcredentials: writing to file C:\Users\kevin.grondin\AppData\Roaming\firebase\kevingrondin_boulo_gmail.com_application_default_credentials.json
[debug] [2020-09-23T13:10:07.321Z] Setting GAC to C:\Users\kevin.grondin\AppData\Roaming\firebase\kevingrondin_boulo_gmail.com_application_default_credentials.json {"metadata":{"emulator":{"name":"functions"},"message":"Setting GAC to C:\\Users\\kevin.grondin\\AppData\\Roaming\\firebase\\kevingrondin_boulo_gmail.com_application_default_credentials.json"}}
[info] i  ui: downloading ui-v1.1.1.zip... {"metadata":{"emulator":{"name":"ui"},"message":"downloading ui-v1.1.1.zip..."}}
[debug] [2020-09-23T13:10:15.226Z] Ignoring unsupported arg: auto_download {"metadata":{"emulator":{"name":"ui"},"message":"Ignoring unsupported arg: auto_download"}}
[debug] [2020-09-23T13:10:15.226Z] Ignoring unsupported arg: port {"metadata":{"emulator":{"name":"ui"},"message":"Ignoring unsupported arg: port"}}
[debug] [2020-09-23T13:10:15.226Z] Starting Emulator UI with command {"binary":"node","args":["C:\\Users\\kevin.grondin\\.cache\\firebase\\emulators\\ui-v1.1.1\\server.bundle.js"],"optionalArgs":[],"joinArgs":false} {"metadata":{"emulator":{"name":"ui"},"message":"Starting Emulator UI with command {\"binary\":\"node\",\"args\":[\"C:\\\\Users\\\\kevin.grondin\\\\.cache\\\\firebase\\\\emulators\\\\ui-v1.1.1\\\\server.bundle.js\"],\"optionalArgs\":[],\"joinArgs\":false}"}}
[info] i  ui: Emulator UI logging to ui-debug.log {"metadata":{"emulator":{"name":"ui"},"message":"Emulator UI logging to \u001b[1mui-debug.log\u001b[22m"}}
[debug] [2020-09-23T13:10:15.556Z] Web / API server started at http://localhost:4000
 {"metadata":{"emulator":{"name":"ui"},"message":"Web / API server started at http://localhost:4000\n"}}
[info] i  functions: Watching "D:\kevin.grondin\Documents\React\amazonc-clone\functions" for Cloud Functions... {"metadata":{"emulator":{"name":"functions"},"message":"Watching \"D:\\kevin.grondin\\Documents\\React\\amazonc-clone\\functions\" for Cloud Functions..."}}
[debug] [2020-09-23T13:10:15.776Z] [worker-pool] addWorker(~diagnostic~) {"metadata":{"emulator":{"name":"functions"},"message":"[worker-pool] addWorker(~diagnostic~)"}}
[debug] [2020-09-23T13:10:15.777Z] [worker-pool] Adding worker with key ~diagnostic~, total=1 {"metadata":{"emulator":{"name":"functions"},"message":"[worker-pool] Adding worker with key ~diagnostic~, total=1"}}
[debug] [2020-09-23T13:10:15.777Z] [worker-pool] submitWork(triggerId=) {"metadata":{"emulator":{"name":"functions"},"message":"[worker-pool] submitWork(triggerId=)"}}
[debug] [2020-09-23T13:10:15.778Z] [worker-~diagnostic~-bad244be-d9c6-4b52-ba84-ce904aa362ac]: Assigning socketPath: \\?\pipe\D:\kevin.grondin\Documents\React\amazonc-clone\functions\13164 {"metadata":{"emulator":{"name":"functions"},"message":"[worker-~diagnostic~-bad244be-d9c6-4b52-ba84-ce904aa362ac]: Assigning socketPath: \\\\?\\pipe\\D:\\kevin.grondin\\Documents\\React\\amazonc-clone\\functions\\13164"}}
[debug] [2020-09-23T13:10:15.778Z] [worker-~diagnostic~-bad244be-d9c6-4b52-ba84-ce904aa362ac]: BUSY {"metadata":{"emulator":{"name":"functions"},"message":"[worker-~diagnostic~-bad244be-d9c6-4b52-ba84-ce904aa362ac]: BUSY"}}
[debug] [2020-09-23T13:10:16.938Z] [runtime-status] [13164] Functions runtime initialized. {"cwd":"D:\\kevin.grondin\\Documents\\React\\amazonc-clone\\functions","node_version":"14.5.0"} {"metadata":{"emulator":{"name":"functions"},"message":"[runtime-status] [13164] Functions runtime initialized. {\"cwd\":\"D:\\\\kevin.grondin\\\\Documents\\\\React\\\\amazonc-clone\\\\functions\",\"node_version\":\"14.5.0\"}"}}
[debug] [2020-09-23T13:10:16.941Z] [runtime-status] [13164] Disabled runtime features: undefined {"metadata":{"emulator":{"name":"functions"},"message":"[runtime-status] [13164] Disabled runtime features: undefined"}}
[debug] [2020-09-23T13:10:16.950Z] [runtime-status] [13164] Resolved module firebase-admin {"declared":true,"installed":true,"version":"8.13.0","resolution":"D:\\kevin.grondin\\Documents\\React\\amazonc-clone\\functions\\node_modules\\firebase-admin\\lib\\index.js"} {"metadata":{"emulator":{"name":"functions"},"message":"[runtime-status] [13164] Resolved module firebase-admin {\"declared\":true,\"installed\":true,\"version\":\"8.13.0\",\"resolution\":\"D:\\\\kevin.grondin\\\\Documents\\\\React\\\\amazonc-clone\\\\functions\\\\node_modules\\\\firebase-admin\\\\lib\\\\index.js\"}"}}
[debug] [2020-09-23T13:10:16.958Z] [runtime-status] [13164] Resolved module firebase-functions {"declared":true,"installed":true,"version":"3.11.0","resolution":"D:\\kevin.grondin\\Documents\\React\\amazonc-clone\\functions\\node_modules\\firebase-functions\\lib\\index.js"} {"metadata":{"emulator":{"name":"functions"},"message":"[runtime-status] [13164] Resolved module firebase-functions {\"declared\":true,\"installed\":true,\"version\":\"3.11.0\",\"resolution\":\"D:\\\\kevin.grondin\\\\Documents\\\\React\\\\amazonc-clone\\\\functions\\\\node_modules\\\\firebase-functions\\\\lib\\\\index.js\"}"}}
[debug] [2020-09-23T13:10:16.963Z] [runtime-status] [13164] Resolved module firebase-functions {"declared":true,"installed":true,"version":"3.11.0","resolution":"D:\\kevin.grondin\\Documents\\React\\amazonc-clone\\functions\\node_modules\\firebase-functions\\lib\\index.js"} {"metadata":{"emulator":{"name":"functions"},"message":"[runtime-status] [13164] Resolved module firebase-functions {\"declared\":true,\"installed\":true,\"version\":\"3.11.0\",\"resolution\":\"D:\\\\kevin.grondin\\\\Documents\\\\React\\\\amazonc-clone\\\\functions\\\\node_modules\\\\firebase-functions\\\\lib\\\\index.js\"}"}}
[debug] [2020-09-23T13:10:16.967Z] [runtime-status] [13164] Outgoing network have been stubbed. [{"name":"http","status":"mocked"},{"name":"http","status":"mocked"},{"name":"https","status":"mocked"},{"name":"https","status":"mocked"},{"name":"net","status":"mocked"}] {"metadata":{"emulator":{"name":"functions"},"message":"[runtime-status] [13164] Outgoing network have been stubbed. [{\"name\":\"http\",\"status\":\"mocked\"},{\"name\":\"http\",\"status\":\"mocked\"},{\"name\":\"https\",\"status\":\"mocked\"},{\"name\":\"https\",\"status\":\"mocked\"},{\"name\":\"net\",\"status\":\"mocked\"}]"}}
[debug] [2020-09-23T13:10:16.969Z] [runtime-status] [13164] Resolved module firebase-functions {"declared":true,"installed":true,"version":"3.11.0","resolution":"D:\\kevin.grondin\\Documents\\React\\amazonc-clone\\functions\\node_modules\\firebase-functions\\lib\\index.js"} {"metadata":{"emulator":{"name":"functions"},"message":"[runtime-status] [13164] Resolved module firebase-functions {\"declared\":true,\"installed\":true,\"version\":\"3.11.0\",\"resolution\":\"D:\\\\kevin.grondin\\\\Documents\\\\React\\\\amazonc-clone\\\\functions\\\\node_modules\\\\firebase-functions\\\\lib\\\\index.js\"}"}}
[debug] [2020-09-23T13:10:17.608Z] [runtime-status] [13164] Checked functions.config() {"config":{}} {"metadata":{"emulator":{"name":"functions"},"message":"[runtime-status] [13164] Checked functions.config() {\"config\":{}}"}}
[debug] [2020-09-23T13:10:17.610Z] [runtime-status] [13164] firebase-functions has been stubbed. {"functionsResolution":{"declared":true,"installed":true,"version":"3.11.0","resolution":"D:\\kevin.grondin\\Documents\\React\\amazonc-clone\\functions\\node_modules\\firebase-functions\\lib\\index.js"}} {"metadata":{"emulator":{"name":"functions"},"message":"[runtime-status] [13164] firebase-functions has been stubbed. {\"functionsResolution\":{\"declared\":true,\"installed\":true,\"version\":\"3.11.0\",\"resolution\":\"D:\\\\kevin.grondin\\\\Documents\\\\React\\\\amazonc-clone\\\\functions\\\\node_modules\\\\firebase-functions\\\\lib\\\\index.js\"}}"}}
[debug] [2020-09-23T13:10:17.611Z] [runtime-status] [13164] Resolved module firebase-functions {"declared":true,"installed":true,"version":"3.11.0","resolution":"D:\\kevin.grondin\\Documents\\React\\amazonc-clone\\functions\\node_modules\\firebase-functions\\lib\\index.js"} {"metadata":{"emulator":{"name":"functions"},"message":"[runtime-status] [13164] Resolved module firebase-functions {\"declared\":true,\"installed\":true,\"version\":\"3.11.0\",\"resolution\":\"D:\\\\kevin.grondin\\\\Documents\\\\React\\\\amazonc-clone\\\\functions\\\\node_modules\\\\firebase-functions\\\\lib\\\\index.js\"}"}}
[debug] [2020-09-23T13:10:17.613Z] [runtime-status] [13164] Resolved module firebase-admin {"declared":true,"installed":true,"version":"8.13.0","resolution":"D:\\kevin.grondin\\Documents\\React\\amazonc-clone\\functions\\node_modules\\firebase-admin\\lib\\index.js"} {"metadata":{"emulator":{"name":"functions"},"message":"[runtime-status] [13164] Resolved module firebase-admin {\"declared\":true,\"installed\":true,\"version\":\"8.13.0\",\"resolution\":\"D:\\\\kevin.grondin\\\\Documents\\\\React\\\\amazonc-clone\\\\functions\\\\node_modules\\\\firebase-admin\\\\lib\\\\index.js\"}"}}
[debug] [2020-09-23T13:10:17.614Z] [runtime-status] [13164] Resolved module firebase-functions {"declared":true,"installed":true,"version":"3.11.0","resolution":"D:\\kevin.grondin\\Documents\\React\\amazonc-clone\\functions\\node_modules\\firebase-functions\\lib\\index.js"} {"metadata":{"emulator":{"name":"functions"},"message":"[runtime-status] [13164] Resolved module firebase-functions {\"declared\":true,\"installed\":true,\"version\":\"3.11.0\",\"resolution\":\"D:\\\\kevin.grondin\\\\Documents\\\\React\\\\amazonc-clone\\\\functions\\\\node_modules\\\\firebase-functions\\\\lib\\\\index.js\"}"}}
[debug] [2020-09-23T13:10:17.615Z] [runtime-status] [13164] firebase-admin has been stubbed. {"adminResolution":{"declared":true,"installed":true,"version":"8.13.0","resolution":"D:\\kevin.grondin\\Documents\\React\\amazonc-clone\\functions\\node_modules\\firebase-admin\\lib\\index.js"}} {"metadata":{"emulator":{"name":"functions"},"message":"[runtime-status] [13164] firebase-admin has been stubbed. {\"adminResolution\":{\"declared\":true,\"installed\":true,\"version\":\"8.13.0\",\"resolution\":\"D:\\\\kevin.grondin\\\\Documents\\\\React\\\\amazonc-clone\\\\functions\\\\node_modules\\\\firebase-admin\\\\lib\\\\index.js\"}}"}}
[info] +  functions[api]: http function initialized (http://localhost:5001/kg-amaz/us-central1/api). {"metadata":{"emulator":{"name":"functions"},"message":"\u001b[1mhttp\u001b[22m function initialized (http://localhost:5001/kg-amaz/us-central1/api)."}}
[info] 
┌───────────────────────────────────────────────────────────────────────┐
│ ✔  All emulators ready! View status and logs at http://localhost:4000 │
└───────────────────────────────────────────────────────────────────────┘

┌───────────┬────────────────┬─────────────────────────────────┐
│ Emulator  │ Host:Port      │ View in Emulator UI             │
├───────────┼────────────────┼─────────────────────────────────┤
│ Functions │ localhost:5001 │ http://localhost:4000/functions │
└───────────┴────────────────┴─────────────────────────────────┘
  Other reserved ports: 4400, 4500

Issues? Report them at https://github.com/firebase/firebase-tools/issues and attach the *-debug.log files.
 
[debug] [2020-09-23T13:10:18.503Z] [worker-~diagnostic~-bad244be-d9c6-4b52-ba84-ce904aa362ac]: IDLE {"metadata":{"emulator":{"name":"functions"},"message":"[worker-~diagnostic~-bad244be-d9c6-4b52-ba84-ce904aa362ac]: IDLE"}}
[debug] [2020-09-23T13:13:28.364Z] File D:\kevin.grondin\Documents\React\amazonc-clone\functions\index.js changed, reloading triggers {"metadata":{"emulator":{"name":"functions"},"message":"File D:\\kevin.grondin\\Documents\\React\\amazonc-clone\\functions\\index.js changed, reloading triggers"}}
[debug] [2020-09-23T13:13:29.366Z] [worker-pool] Shutting down IDLE worker (~diagnostic~) {"metadata":{"emulator":{"name":"functions"},"message":"[worker-pool] Shutting down IDLE worker (~diagnostic~)"}}
[debug] [2020-09-23T13:13:29.367Z] [worker-~diagnostic~-bad244be-d9c6-4b52-ba84-ce904aa362ac]: FINISHING {"metadata":{"emulator":{"name":"functions"},"message":"[worker-~diagnostic~-bad244be-d9c6-4b52-ba84-ce904aa362ac]: FINISHING"}}
[debug] [2020-09-23T13:13:29.376Z] [worker-pool] addWorker(~diagnostic~) {"metadata":{"emulator":{"name":"functions"},"message":"[worker-pool] addWorker(~diagnostic~)"}}
[debug] [2020-09-23T13:13:29.376Z] [worker-pool] Adding worker with key ~diagnostic~, total=2 {"metadata":{"emulator":{"name":"functions"},"message":"[worker-pool] Adding worker with key ~diagnostic~, total=2"}}
[debug] [2020-09-23T13:13:29.376Z] [worker-pool] submitWork(triggerId=) {"metadata":{"emulator":{"name":"functions"},"message":"[worker-pool] submitWork(triggerId=)"}}
[debug] [2020-09-23T13:13:29.377Z] [worker-~diagnostic~-6ef04004-fbe8-410d-b966-20fbc392eb21]: Assigning socketPath: \\?\pipe\D:\kevin.grondin\Documents\React\amazonc-clone\functions\17732 {"metadata":{"emulator":{"name":"functions"},"message":"[worker-~diagnostic~-6ef04004-fbe8-410d-b966-20fbc392eb21]: Assigning socketPath: \\\\?\\pipe\\D:\\kevin.grondin\\Documents\\React\\amazonc-clone\\functions\\17732"}}
[debug] [2020-09-23T13:13:29.377Z] [worker-~diagnostic~-6ef04004-fbe8-410d-b966-20fbc392eb21]: BUSY {"metadata":{"emulator":{"name":"functions"},"message":"[worker-~diagnostic~-6ef04004-fbe8-410d-b966-20fbc392eb21]: BUSY"}}
[debug] [2020-09-23T13:13:29.383Z] [worker-~diagnostic~-bad244be-d9c6-4b52-ba84-ce904aa362ac]: exited {"metadata":{"emulator":{"name":"functions"},"message":"[worker-~diagnostic~-bad244be-d9c6-4b52-ba84-ce904aa362ac]: exited"}}
[debug] [2020-09-23T13:13:29.384Z] [worker-~diagnostic~-bad244be-d9c6-4b52-ba84-ce904aa362ac]: FINISHED {"metadata":{"emulator":{"name":"functions"},"message":"[worker-~diagnostic~-bad244be-d9c6-4b52-ba84-ce904aa362ac]: FINISHED"}}
[debug] [2020-09-23T13:13:30.345Z] [runtime-status] [17732] Functions runtime initialized. {"cwd":"D:\\kevin.grondin\\Documents\\React\\amazonc-clone\\functions","node_version":"14.5.0"} {"metadata":{"emulator":{"name":"functions"},"message":"[runtime-status] [17732] Functions runtime initialized. {\"cwd\":\"D:\\\\kevin.grondin\\\\Documents\\\\React\\\\amazonc-clone\\\\functions\",\"node_version\":\"14.5.0\"}"}}
[debug] [2020-09-23T13:13:30.349Z] [runtime-status] [17732] Disabled runtime features: undefined {"metadata":{"emulator":{"name":"functions"},"message":"[runtime-status] [17732] Disabled runtime features: undefined"}}
[debug] [2020-09-23T13:13:30.354Z] [runtime-status] [17732] Resolved module firebase-admin {"declared":true,"installed":true,"version":"8.13.0","resolution":"D:\\kevin.grondin\\Documents\\React\\amazonc-clone\\functions\\node_modules\\firebase-admin\\lib\\index.js"} {"metadata":{"emulator":{"name":"functions"},"message":"[runtime-status] [17732] Resolved module firebase-admin {\"declared\":true,\"installed\":true,\"version\":\"8.13.0\",\"resolution\":\"D:\\\\kevin.grondin\\\\Documents\\\\React\\\\amazonc-clone\\\\functions\\\\node_modules\\\\firebase-admin\\\\lib\\\\index.js\"}"}}
[debug] [2020-09-23T13:13:30.359Z] [runtime-status] [17732] Resolved module firebase-functions {"declared":true,"installed":true,"version":"3.11.0","resolution":"D:\\kevin.grondin\\Documents\\React\\amazonc-clone\\functions\\node_modules\\firebase-functions\\lib\\index.js"} {"metadata":{"emulator":{"name":"functions"},"message":"[runtime-status] [17732] Resolved module firebase-functions {\"declared\":true,\"installed\":true,\"version\":\"3.11.0\",\"resolution\":\"D:\\\\kevin.grondin\\\\Documents\\\\React\\\\amazonc-clone\\\\functions\\\\node_modules\\\\firebase-functions\\\\lib\\\\index.js\"}"}}
[debug] [2020-09-23T13:13:30.363Z] [runtime-status] [17732] Resolved module firebase-functions {"declared":true,"installed":true,"version":"3.11.0","resolution":"D:\\kevin.grondin\\Documents\\React\\amazonc-clone\\functions\\node_modules\\firebase-functions\\lib\\index.js"} {"metadata":{"emulator":{"name":"functions"},"message":"[runtime-status] [17732] Resolved module firebase-functions {\"declared\":true,\"installed\":true,\"version\":\"3.11.0\",\"resolution\":\"D:\\\\kevin.grondin\\\\Documents\\\\React\\\\amazonc-clone\\\\functions\\\\node_modules\\\\firebase-functions\\\\lib\\\\index.js\"}"}}
[debug] [2020-09-23T13:13:30.365Z] [runtime-status] [17732] Outgoing network have been stubbed. [{"name":"http","status":"mocked"},{"name":"http","status":"mocked"},{"name":"https","status":"mocked"},{"name":"https","status":"mocked"},{"name":"net","status":"mocked"}] {"metadata":{"emulator":{"name":"functions"},"message":"[runtime-status] [17732] Outgoing network have been stubbed. [{\"name\":\"http\",\"status\":\"mocked\"},{\"name\":\"http\",\"status\":\"mocked\"},{\"name\":\"https\",\"status\":\"mocked\"},{\"name\":\"https\",\"status\":\"mocked\"},{\"name\":\"net\",\"status\":\"mocked\"}]"}}
[debug] [2020-09-23T13:13:30.366Z] [runtime-status] [17732] Resolved module firebase-functions {"declared":true,"installed":true,"version":"3.11.0","resolution":"D:\\kevin.grondin\\Documents\\React\\amazonc-clone\\functions\\node_modules\\firebase-functions\\lib\\index.js"} {"metadata":{"emulator":{"name":"functions"},"message":"[runtime-status] [17732] Resolved module firebase-functions {\"declared\":true,\"installed\":true,\"version\":\"3.11.0\",\"resolution\":\"D:\\\\kevin.grondin\\\\Documents\\\\React\\\\amazonc-clone\\\\functions\\\\node_modules\\\\firebase-functions\\\\lib\\\\index.js\"}"}}
[debug] [2020-09-23T13:13:30.436Z] [runtime-status] [17732] Checked functions.config() {"config":{}} {"metadata":{"emulator":{"name":"functions"},"message":"[runtime-status] [17732] Checked functions.config() {\"config\":{}}"}}
[debug] [2020-09-23T13:13:30.436Z] [runtime-status] [17732] firebase-functions has been stubbed. {"functionsResolution":{"declared":true,"installed":true,"version":"3.11.0","resolution":"D:\\kevin.grondin\\Documents\\React\\amazonc-clone\\functions\\node_modules\\firebase-functions\\lib\\index.js"}} {"metadata":{"emulator":{"name":"functions"},"message":"[runtime-status] [17732] firebase-functions has been stubbed. {\"functionsResolution\":{\"declared\":true,\"installed\":true,\"version\":\"3.11.0\",\"resolution\":\"D:\\\\kevin.grondin\\\\Documents\\\\React\\\\amazonc-clone\\\\functions\\\\node_modules\\\\firebase-functions\\\\lib\\\\index.js\"}}"}}
[debug] [2020-09-23T13:13:30.437Z] [runtime-status] [17732] Resolved module firebase-functions {"declared":true,"installed":true,"version":"3.11.0","resolution":"D:\\kevin.grondin\\Documents\\React\\amazonc-clone\\functions\\node_modules\\firebase-functions\\lib\\index.js"} {"metadata":{"emulator":{"name":"functions"},"message":"[runtime-status] [17732] Resolved module firebase-functions {\"declared\":true,\"installed\":true,\"version\":\"3.11.0\",\"resolution\":\"D:\\\\kevin.grondin\\\\Documents\\\\React\\\\amazonc-clone\\\\functions\\\\node_modules\\\\firebase-functions\\\\lib\\\\index.js\"}"}}
[debug] [2020-09-23T13:13:30.439Z] [runtime-status] [17732] Resolved module firebase-admin {"declared":true,"installed":true,"version":"8.13.0","resolution":"D:\\kevin.grondin\\Documents\\React\\amazonc-clone\\functions\\node_modules\\firebase-admin\\lib\\index.js"} {"metadata":{"emulator":{"name":"functions"},"message":"[runtime-status] [17732] Resolved module firebase-admin {\"declared\":true,\"installed\":true,\"version\":\"8.13.0\",\"resolution\":\"D:\\\\kevin.grondin\\\\Documents\\\\React\\\\amazonc-clone\\\\functions\\\\node_modules\\\\firebase-admin\\\\lib\\\\index.js\"}"}}
[debug] [2020-09-23T13:13:30.439Z] [runtime-status] [17732] Resolved module firebase-functions {"declared":true,"installed":true,"version":"3.11.0","resolution":"D:\\kevin.grondin\\Documents\\React\\amazonc-clone\\functions\\node_modules\\firebase-functions\\lib\\index.js"} {"metadata":{"emulator":{"name":"functions"},"message":"[runtime-status] [17732] Resolved module firebase-functions {\"declared\":true,\"installed\":true,\"version\":\"3.11.0\",\"resolution\":\"D:\\\\kevin.grondin\\\\Documents\\\\React\\\\amazonc-clone\\\\functions\\\\node_modules\\\\firebase-functions\\\\lib\\\\index.js\"}"}}
[debug] [2020-09-23T13:13:30.440Z] [runtime-status] [17732] firebase-admin has been stubbed. {"adminResolution":{"declared":true,"installed":true,"version":"8.13.0","resolution":"D:\\kevin.grondin\\Documents\\React\\amazonc-clone\\functions\\node_modules\\firebase-admin\\lib\\index.js"}} {"metadata":{"emulator":{"name":"functions"},"message":"[runtime-status] [17732] firebase-admin has been stubbed. {\"adminResolution\":{\"declared\":true,\"installed\":true,\"version\":\"8.13.0\",\"resolution\":\"D:\\\\kevin.grondin\\\\Documents\\\\React\\\\amazonc-clone\\\\functions\\\\node_modules\\\\firebase-admin\\\\lib\\\\index.js\"}}"}}
[debug] [2020-09-23T13:13:30.775Z] [worker-~diagnostic~-6ef04004-fbe8-410d-b966-20fbc392eb21]: IDLE {"metadata":{"emulator":{"name":"functions"},"message":"[worker-~diagnostic~-6ef04004-fbe8-410d-b966-20fbc392eb21]: IDLE"}}
[debug] [2020-09-23T13:14:01.190Z] File D:\kevin.grondin\Documents\React\amazonc-clone\functions\index.js changed, reloading triggers {"metadata":{"emulator":{"name":"functions"},"message":"File D:\\kevin.grondin\\Documents\\React\\amazonc-clone\\functions\\index.js changed, reloading triggers"}}
[debug] [2020-09-23T13:14:02.190Z] [worker-pool] Shutting down IDLE worker (~diagnostic~) {"metadata":{"emulator":{"name":"functions"},"message":"[worker-pool] Shutting down IDLE worker (~diagnostic~)"}}
[debug] [2020-09-23T13:14:02.190Z] [worker-~diagnostic~-6ef04004-fbe8-410d-b966-20fbc392eb21]: FINISHING {"metadata":{"emulator":{"name":"functions"},"message":"[worker-~diagnostic~-6ef04004-fbe8-410d-b966-20fbc392eb21]: FINISHING"}}
[debug] [2020-09-23T13:14:02.191Z] [worker-pool] Cleaned up workers for ~diagnostic~: 2 --> 1 {"metadata":{"emulator":{"name":"functions"},"message":"[worker-pool] Cleaned up workers for ~diagnostic~: 2 --> 1"}}
[debug] [2020-09-23T13:14:02.200Z] [worker-pool] addWorker(~diagnostic~) {"metadata":{"emulator":{"name":"functions"},"message":"[worker-pool] addWorker(~diagnostic~)"}}
[debug] [2020-09-23T13:14:02.201Z] [worker-pool] Adding worker with key ~diagnostic~, total=2 {"metadata":{"emulator":{"name":"functions"},"message":"[worker-pool] Adding worker with key ~diagnostic~, total=2"}}
[debug] [2020-09-23T13:14:02.201Z] [worker-pool] submitWork(triggerId=) {"metadata":{"emulator":{"name":"functions"},"message":"[worker-pool] submitWork(triggerId=)"}}
[debug] [2020-09-23T13:14:02.201Z] [worker-~diagnostic~-5c2b9fc5-25e2-403c-ad62-e9ebb5f3ed29]: Assigning socketPath: \\?\pipe\D:\kevin.grondin\Documents\React\amazonc-clone\functions\12580 {"metadata":{"emulator":{"name":"functions"},"message":"[worker-~diagnostic~-5c2b9fc5-25e2-403c-ad62-e9ebb5f3ed29]: Assigning socketPath: \\\\?\\pipe\\D:\\kevin.grondin\\Documents\\React\\amazonc-clone\\functions\\12580"}}
[debug] [2020-09-23T13:14:02.202Z] [worker-~diagnostic~-5c2b9fc5-25e2-403c-ad62-e9ebb5f3ed29]: BUSY {"metadata":{"emulator":{"name":"functions"},"message":"[worker-~diagnostic~-5c2b9fc5-25e2-403c-ad62-e9ebb5f3ed29]: BUSY"}}
[debug] [2020-09-23T13:14:02.205Z] [worker-~diagnostic~-6ef04004-fbe8-410d-b966-20fbc392eb21]: exited {"metadata":{"emulator":{"name":"functions"},"message":"[worker-~diagnostic~-6ef04004-fbe8-410d-b966-20fbc392eb21]: exited"}}
[debug] [2020-09-23T13:14:02.206Z] [worker-~diagnostic~-6ef04004-fbe8-410d-b966-20fbc392eb21]: FINISHED {"metadata":{"emulator":{"name":"functions"},"message":"[worker-~diagnostic~-6ef04004-fbe8-410d-b966-20fbc392eb21]: FINISHED"}}
[debug] [2020-09-23T13:14:03.124Z] [runtime-status] [12580] Functions runtime initialized. {"cwd":"D:\\kevin.grondin\\Documents\\React\\amazonc-clone\\functions","node_version":"14.5.0"} {"metadata":{"emulator":{"name":"functions"},"message":"[runtime-status] [12580] Functions runtime initialized. {\"cwd\":\"D:\\\\kevin.grondin\\\\Documents\\\\React\\\\amazonc-clone\\\\functions\",\"node_version\":\"14.5.0\"}"}}
[debug] [2020-09-23T13:14:03.128Z] [runtime-status] [12580] Disabled runtime features: undefined {"metadata":{"emulator":{"name":"functions"},"message":"[runtime-status] [12580] Disabled runtime features: undefined"}}
[debug] [2020-09-23T13:14:03.141Z] [runtime-status] [12580] Resolved module firebase-admin {"declared":true,"installed":true,"version":"8.13.0","resolution":"D:\\kevin.grondin\\Documents\\React\\amazonc-clone\\functions\\node_modules\\firebase-admin\\lib\\index.js"} {"metadata":{"emulator":{"name":"functions"},"message":"[runtime-status] [12580] Resolved module firebase-admin {\"declared\":true,\"installed\":true,\"version\":\"8.13.0\",\"resolution\":\"D:\\\\kevin.grondin\\\\Documents\\\\React\\\\amazonc-clone\\\\functions\\\\node_modules\\\\firebase-admin\\\\lib\\\\index.js\"}"}}
[debug] [2020-09-23T13:14:03.143Z] [runtime-status] [12580] Resolved module firebase-functions {"declared":true,"installed":true,"version":"3.11.0","resolution":"D:\\kevin.grondin\\Documents\\React\\amazonc-clone\\functions\\node_modules\\firebase-functions\\lib\\index.js"} {"metadata":{"emulator":{"name":"functions"},"message":"[runtime-status] [12580] Resolved module firebase-functions {\"declared\":true,\"installed\":true,\"version\":\"3.11.0\",\"resolution\":\"D:\\\\kevin.grondin\\\\Documents\\\\React\\\\amazonc-clone\\\\functions\\\\node_modules\\\\firebase-functions\\\\lib\\\\index.js\"}"}}
[debug] [2020-09-23T13:14:03.147Z] [runtime-status] [12580] Resolved module firebase-functions {"declared":true,"installed":true,"version":"3.11.0","resolution":"D:\\kevin.grondin\\Documents\\React\\amazonc-clone\\functions\\node_modules\\firebase-functions\\lib\\index.js"} {"metadata":{"emulator":{"name":"functions"},"message":"[runtime-status] [12580] Resolved module firebase-functions {\"declared\":true,\"installed\":true,\"version\":\"3.11.0\",\"resolution\":\"D:\\\\kevin.grondin\\\\Documents\\\\React\\\\amazonc-clone\\\\functions\\\\node_modules\\\\firebase-functions\\\\lib\\\\index.js\"}"}}
[debug] [2020-09-23T13:14:03.150Z] [runtime-status] [12580] Outgoing network have been stubbed. [{"name":"http","status":"mocked"},{"name":"http","status":"mocked"},{"name":"https","status":"mocked"},{"name":"https","status":"mocked"},{"name":"net","status":"mocked"}] {"metadata":{"emulator":{"name":"functions"},"message":"[runtime-status] [12580] Outgoing network have been stubbed. [{\"name\":\"http\",\"status\":\"mocked\"},{\"name\":\"http\",\"status\":\"mocked\"},{\"name\":\"https\",\"status\":\"mocked\"},{\"name\":\"https\",\"status\":\"mocked\"},{\"name\":\"net\",\"status\":\"mocked\"}]"}}
[debug] [2020-09-23T13:14:03.152Z] [runtime-status] [12580] Resolved module firebase-functions {"declared":true,"installed":true,"version":"3.11.0","resolution":"D:\\kevin.grondin\\Documents\\React\\amazonc-clone\\functions\\node_modules\\firebase-functions\\lib\\index.js"} {"metadata":{"emulator":{"name":"functions"},"message":"[runtime-status] [12580] Resolved module firebase-functions {\"declared\":true,\"installed\":true,\"version\":\"3.11.0\",\"resolution\":\"D:\\\\kevin.grondin\\\\Documents\\\\React\\\\amazonc-clone\\\\functions\\\\node_modules\\\\firebase-functions\\\\lib\\\\index.js\"}"}}
[debug] [2020-09-23T13:14:03.232Z] [runtime-status] [12580] Checked functions.config() {"config":{}} {"metadata":{"emulator":{"name":"functions"},"message":"[runtime-status] [12580] Checked functions.config() {\"config\":{}}"}}
[debug] [2020-09-23T13:14:03.232Z] [runtime-status] [12580] firebase-functions has been stubbed. {"functionsResolution":{"declared":true,"installed":true,"version":"3.11.0","resolution":"D:\\kevin.grondin\\Documents\\React\\amazonc-clone\\functions\\node_modules\\firebase-functions\\lib\\index.js"}} {"metadata":{"emulator":{"name":"functions"},"message":"[runtime-status] [12580] firebase-functions has been stubbed. {\"functionsResolution\":{\"declared\":true,\"installed\":true,\"version\":\"3.11.0\",\"resolution\":\"D:\\\\kevin.grondin\\\\Documents\\\\React\\\\amazonc-clone\\\\functions\\\\node_modules\\\\firebase-functions\\\\lib\\\\index.js\"}}"}}
[debug] [2020-09-23T13:14:03.234Z] [runtime-status] [12580] Resolved module firebase-functions {"declared":true,"installed":true,"version":"3.11.0","resolution":"D:\\kevin.grondin\\Documents\\React\\amazonc-clone\\functions\\node_modules\\firebase-functions\\lib\\index.js"} {"metadata":{"emulator":{"name":"functions"},"message":"[runtime-status] [12580] Resolved module firebase-functions {\"declared\":true,\"installed\":true,\"version\":\"3.11.0\",\"resolution\":\"D:\\\\kevin.grondin\\\\Documents\\\\React\\\\amazonc-clone\\\\functions\\\\node_modules\\\\firebase-functions\\\\lib\\\\index.js\"}"}}
[debug] [2020-09-23T13:14:03.236Z] [runtime-status] [12580] Resolved module firebase-admin {"declared":true,"installed":true,"version":"8.13.0","resolution":"D:\\kevin.grondin\\Documents\\React\\amazonc-clone\\functions\\node_modules\\firebase-admin\\lib\\index.js"} {"metadata":{"emulator":{"name":"functions"},"message":"[runtime-status] [12580] Resolved module firebase-admin {\"declared\":true,\"installed\":true,\"version\":\"8.13.0\",\"resolution\":\"D:\\\\kevin.grondin\\\\Documents\\\\React\\\\amazonc-clone\\\\functions\\\\node_modules\\\\firebase-admin\\\\lib\\\\index.js\"}"}}
[debug] [2020-09-23T13:14:03.237Z] [runtime-status] [12580] Resolved module firebase-functions {"declared":true,"installed":true,"version":"3.11.0","resolution":"D:\\kevin.grondin\\Documents\\React\\amazonc-clone\\functions\\node_modules\\firebase-functions\\lib\\index.js"} {"metadata":{"emulator":{"name":"functions"},"message":"[runtime-status] [12580] Resolved module firebase-functions {\"declared\":true,\"installed\":true,\"version\":\"3.11.0\",\"resolution\":\"D:\\\\kevin.grondin\\\\Documents\\\\React\\\\amazonc-clone\\\\functions\\\\node_modules\\\\firebase-functions\\\\lib\\\\index.js\"}"}}
[debug] [2020-09-23T13:14:03.237Z] [runtime-status] [12580] firebase-admin has been stubbed. {"adminResolution":{"declared":true,"installed":true,"version":"8.13.0","resolution":"D:\\kevin.grondin\\Documents\\React\\amazonc-clone\\functions\\node_modules\\firebase-admin\\lib\\index.js"}} {"metadata":{"emulator":{"name":"functions"},"message":"[runtime-status] [12580] firebase-admin has been stubbed. {\"adminResolution\":{\"declared\":true,\"installed\":true,\"version\":\"8.13.0\",\"resolution\":\"D:\\\\kevin.grondin\\\\Documents\\\\React\\\\amazonc-clone\\\\functions\\\\node_modules\\\\firebase-admin\\\\lib\\\\index.js\"}}"}}
[warn] !  D:\kevin.grondin\Documents\React\amazonc-clone\functions\index.js:11
app.get("/", (request, response) => app.get("/", (request, response) => res.status(200).send("Hello World"));
                                                                                                           ^

SyntaxError: missing ) after argument list
    at wrapSafe (internal/modules/cjs/loader.js:1117:16)
    at Module._compile (internal/modules/cjs/loader.js:1165:27)
    at Object.Module._extensions..js (internal/modules/cjs/loader.js:1221:10)
    at Module.load (internal/modules/cjs/loader.js:1050:32)
    at Function.Module._load (internal/modules/cjs/loader.js:938:14)
    at Module.require (internal/modules/cjs/loader.js:1090:19)
    at require (internal/modules/cjs/helpers.js:75:18)
    at C:\Users\kevin.grondin\AppData\Roaming\npm\node_modules\firebase-tools\lib\emulator\functionsEmulatorRuntime.js:681:33
    at Generator.next (<anonymous>)
    at fulfilled (C:\Users\kevin.grondin\AppData\Roaming\npm\node_modules\firebase-tools\lib\emulator\functionsEmulatorRuntime.js:5:58) {"metadata":{"emulator":{"name":"functions"},"message":"D:\\kevin.grondin\\Documents\\React\\amazonc-clone\\functions\\index.js:11\napp.get(\"/\", (request, response) => app.get(\"/\", (request, response) => res.status(200).send(\"Hello World\"));\n                                                                                                           ^\n\nSyntaxError: missing ) after argument list\n    at wrapSafe (internal/modules/cjs/loader.js:1117:16)\n    at Module._compile (internal/modules/cjs/loader.js:1165:27)\n    at Object.Module._extensions..js (internal/modules/cjs/loader.js:1221:10)\n    at Module.load (internal/modules/cjs/loader.js:1050:32)\n    at Function.Module._load (internal/modules/cjs/loader.js:938:14)\n    at Module.require (internal/modules/cjs/loader.js:1090:19)\n    at require (internal/modules/cjs/helpers.js:75:18)\n    at C:\\Users\\kevin.grondin\\AppData\\Roaming\\npm\\node_modules\\firebase-tools\\lib\\emulator\\functionsEmulatorRuntime.js:681:33\n    at Generator.next (<anonymous>)\n    at fulfilled (C:\\Users\\kevin.grondin\\AppData\\Roaming\\npm\\node_modules\\firebase-tools\\lib\\emulator\\functionsEmulatorRuntime.js:5:58)"}}
[warn] !  We were unable to load your functions code. (see above) {"metadata":{"emulator":{"name":"functions"}}}
[debug] [2020-09-23T13:14:03.301Z] [worker-~diagnostic~-5c2b9fc5-25e2-403c-ad62-e9ebb5f3ed29]: exited {"metadata":{"emulator":{"name":"functions"},"message":"[worker-~diagnostic~-5c2b9fc5-25e2-403c-ad62-e9ebb5f3ed29]: exited"}}
[debug] [2020-09-23T13:14:03.302Z] [worker-~diagnostic~-5c2b9fc5-25e2-403c-ad62-e9ebb5f3ed29]: FINISHED {"metadata":{"emulator":{"name":"functions"},"message":"[worker-~diagnostic~-5c2b9fc5-25e2-403c-ad62-e9ebb5f3ed29]: FINISHED"}}
[debug] [2020-09-23T13:14:05.136Z] File D:\kevin.grondin\Documents\React\amazonc-clone\functions\index.js changed, reloading triggers {"metadata":{"emulator":{"name":"functions"},"message":"File D:\\kevin.grondin\\Documents\\React\\amazonc-clone\\functions\\index.js changed, reloading triggers"}}
[debug] [2020-09-23T13:14:06.137Z] [worker-pool] Cleaned up workers for ~diagnostic~: 2 --> 0 {"metadata":{"emulator":{"name":"functions"},"message":"[worker-pool] Cleaned up workers for ~diagnostic~: 2 --> 0"}}
[debug] [2020-09-23T13:14:06.142Z] [worker-pool] addWorker(~diagnostic~) {"metadata":{"emulator":{"name":"functions"},"message":"[worker-pool] addWorker(~diagnostic~)"}}
[debug] [2020-09-23T13:14:06.142Z] [worker-pool] Adding worker with key ~diagnostic~, total=1 {"metadata":{"emulator":{"name":"functions"},"message":"[worker-pool] Adding worker with key ~diagnostic~, total=1"}}
[debug] [2020-09-23T13:14:06.142Z] [worker-pool] submitWork(triggerId=) {"metadata":{"emulator":{"name":"functions"},"message":"[worker-pool] submitWork(triggerId=)"}}
[debug] [2020-09-23T13:14:06.143Z] [worker-~diagnostic~-24bf45f8-db89-4f27-925c-c0537395872c]: Assigning socketPath: \\?\pipe\D:\kevin.grondin\Documents\React\amazonc-clone\functions\17228 {"metadata":{"emulator":{"name":"functions"},"message":"[worker-~diagnostic~-24bf45f8-db89-4f27-925c-c0537395872c]: Assigning socketPath: \\\\?\\pipe\\D:\\kevin.grondin\\Documents\\React\\amazonc-clone\\functions\\17228"}}
[debug] [2020-09-23T13:14:06.143Z] [worker-~diagnostic~-24bf45f8-db89-4f27-925c-c0537395872c]: BUSY {"metadata":{"emulator":{"name":"functions"},"message":"[worker-~diagnostic~-24bf45f8-db89-4f27-925c-c0537395872c]: BUSY"}}
[debug] [2020-09-23T13:14:06.875Z] [runtime-status] [17228] Functions runtime initialized. {"cwd":"D:\\kevin.grondin\\Documents\\React\\amazonc-clone\\functions","node_version":"14.5.0"} {"metadata":{"emulator":{"name":"functions"},"message":"[runtime-status] [17228] Functions runtime initialized. {\"cwd\":\"D:\\\\kevin.grondin\\\\Documents\\\\React\\\\amazonc-clone\\\\functions\",\"node_version\":\"14.5.0\"}"}}
[debug] [2020-09-23T13:14:06.880Z] [runtime-status] [17228] Disabled runtime features: undefined {"metadata":{"emulator":{"name":"functions"},"message":"[runtime-status] [17228] Disabled runtime features: undefined"}}
[debug] [2020-09-23T13:14:06.887Z] [runtime-status] [17228] Resolved module firebase-admin {"declared":true,"installed":true,"version":"8.13.0","resolution":"D:\\kevin.grondin\\Documents\\React\\amazonc-clone\\functions\\node_modules\\firebase-admin\\lib\\index.js"} {"metadata":{"emulator":{"name":"functions"},"message":"[runtime-status] [17228] Resolved module firebase-admin {\"declared\":true,\"installed\":true,\"version\":\"8.13.0\",\"resolution\":\"D:\\\\kevin.grondin\\\\Documents\\\\React\\\\amazonc-clone\\\\functions\\\\node_modules\\\\firebase-admin\\\\lib\\\\index.js\"}"}}
[debug] [2020-09-23T13:14:06.894Z] [runtime-status] [17228] Resolved module firebase-functions {"declared":true,"installed":true,"version":"3.11.0","resolution":"D:\\kevin.grondin\\Documents\\React\\amazonc-clone\\functions\\node_modules\\firebase-functions\\lib\\index.js"} {"metadata":{"emulator":{"name":"functions"},"message":"[runtime-status] [17228] Resolved module firebase-functions {\"declared\":true,\"installed\":true,\"version\":\"3.11.0\",\"resolution\":\"D:\\\\kevin.grondin\\\\Documents\\\\React\\\\amazonc-clone\\\\functions\\\\node_modules\\\\firebase-functions\\\\lib\\\\index.js\"}"}}
[debug] [2020-09-23T13:14:06.898Z] [runtime-status] [17228] Resolved module firebase-functions {"declared":true,"installed":true,"version":"3.11.0","resolution":"D:\\kevin.grondin\\Documents\\React\\amazonc-clone\\functions\\node_modules\\firebase-functions\\lib\\index.js"} {"metadata":{"emulator":{"name":"functions"},"message":"[runtime-status] [17228] Resolved module firebase-functions {\"declared\":true,\"installed\":true,\"version\":\"3.11.0\",\"resolution\":\"D:\\\\kevin.grondin\\\\Documents\\\\React\\\\amazonc-clone\\\\functions\\\\node_modules\\\\firebase-functions\\\\lib\\\\index.js\"}"}}
[debug] [2020-09-23T13:14:06.902Z] [runtime-status] [17228] Outgoing network have been stubbed. [{"name":"http","status":"mocked"},{"name":"http","status":"mocked"},{"name":"https","status":"mocked"},{"name":"https","status":"mocked"},{"name":"net","status":"mocked"}] {"metadata":{"emulator":{"name":"functions"},"message":"[runtime-status] [17228] Outgoing network have been stubbed. [{\"name\":\"http\",\"status\":\"mocked\"},{\"name\":\"http\",\"status\":\"mocked\"},{\"name\":\"https\",\"status\":\"mocked\"},{\"name\":\"https\",\"status\":\"mocked\"},{\"name\":\"net\",\"status\":\"mocked\"}]"}}
[debug] [2020-09-23T13:14:06.903Z] [runtime-status] [17228] Resolved module firebase-functions {"declared":true,"installed":true,"version":"3.11.0","resolution":"D:\\kevin.grondin\\Documents\\React\\amazonc-clone\\functions\\node_modules\\firebase-functions\\lib\\index.js"} {"metadata":{"emulator":{"name":"functions"},"message":"[runtime-status] [17228] Resolved module firebase-functions {\"declared\":true,\"installed\":true,\"version\":\"3.11.0\",\"resolution\":\"D:\\\\kevin.grondin\\\\Documents\\\\React\\\\amazonc-clone\\\\functions\\\\node_modules\\\\firebase-functions\\\\lib\\\\index.js\"}"}}
[debug] [2020-09-23T13:14:06.993Z] [runtime-status] [17228] Checked functions.config() {"config":{}} {"metadata":{"emulator":{"name":"functions"},"message":"[runtime-status] [17228] Checked functions.config() {\"config\":{}}"}}
[debug] [2020-09-23T13:14:06.994Z] [runtime-status] [17228] firebase-functions has been stubbed. {"functionsResolution":{"declared":true,"installed":true,"version":"3.11.0","resolution":"D:\\kevin.grondin\\Documents\\React\\amazonc-clone\\functions\\node_modules\\firebase-functions\\lib\\index.js"}} {"metadata":{"emulator":{"name":"functions"},"message":"[runtime-status] [17228] firebase-functions has been stubbed. {\"functionsResolution\":{\"declared\":true,\"installed\":true,\"version\":\"3.11.0\",\"resolution\":\"D:\\\\kevin.grondin\\\\Documents\\\\React\\\\amazonc-clone\\\\functions\\\\node_modules\\\\firebase-functions\\\\lib\\\\index.js\"}}"}}
[debug] [2020-09-23T13:14:06.995Z] [runtime-status] [17228] Resolved module firebase-functions {"declared":true,"installed":true,"version":"3.11.0","resolution":"D:\\kevin.grondin\\Documents\\React\\amazonc-clone\\functions\\node_modules\\firebase-functions\\lib\\index.js"} {"metadata":{"emulator":{"name":"functions"},"message":"[runtime-status] [17228] Resolved module firebase-functions {\"declared\":true,\"installed\":true,\"version\":\"3.11.0\",\"resolution\":\"D:\\\\kevin.grondin\\\\Documents\\\\React\\\\amazonc-clone\\\\functions\\\\node_modules\\\\firebase-functions\\\\lib\\\\index.js\"}"}}
[debug] [2020-09-23T13:14:06.998Z] [runtime-status] [17228] Resolved module firebase-admin {"declared":true,"installed":true,"version":"8.13.0","resolution":"D:\\kevin.grondin\\Documents\\React\\amazonc-clone\\functions\\node_modules\\firebase-admin\\lib\\index.js"} {"metadata":{"emulator":{"name":"functions"},"message":"[runtime-status] [17228] Resolved module firebase-admin {\"declared\":true,\"installed\":true,\"version\":\"8.13.0\",\"resolution\":\"D:\\\\kevin.grondin\\\\Documents\\\\React\\\\amazonc-clone\\\\functions\\\\node_modules\\\\firebase-admin\\\\lib\\\\index.js\"}"}}
[debug] [2020-09-23T13:14:06.999Z] [runtime-status] [17228] Resolved module firebase-functions {"declared":true,"installed":true,"version":"3.11.0","resolution":"D:\\kevin.grondin\\Documents\\React\\amazonc-clone\\functions\\node_modules\\firebase-functions\\lib\\index.js"} {"metadata":{"emulator":{"name":"functions"},"message":"[runtime-status] [17228] Resolved module firebase-functions {\"declared\":true,\"installed\":true,\"version\":\"3.11.0\",\"resolution\":\"D:\\\\kevin.grondin\\\\Documents\\\\React\\\\amazonc-clone\\\\functions\\\\node_modules\\\\firebase-functions\\\\lib\\\\index.js\"}"}}
[debug] [2020-09-23T13:14:06.999Z] [runtime-status] [17228] firebase-admin has been stubbed. {"adminResolution":{"declared":true,"installed":true,"version":"8.13.0","resolution":"D:\\kevin.grondin\\Documents\\React\\amazonc-clone\\functions\\node_modules\\firebase-admin\\lib\\index.js"}} {"metadata":{"emulator":{"name":"functions"},"message":"[runtime-status] [17228] firebase-admin has been stubbed. {\"adminResolution\":{\"declared\":true,\"installed\":true,\"version\":\"8.13.0\",\"resolution\":\"D:\\\\kevin.grondin\\\\Documents\\\\React\\\\amazonc-clone\\\\functions\\\\node_modules\\\\firebase-admin\\\\lib\\\\index.js\"}}"}}
[debug] [2020-09-23T13:14:07.292Z] [worker-~diagnostic~-24bf45f8-db89-4f27-925c-c0537395872c]: IDLE {"metadata":{"emulator":{"name":"functions"},"message":"[worker-~diagnostic~-24bf45f8-db89-4f27-925c-c0537395872c]: IDLE"}}
[debug] [2020-09-23T13:14:28.625Z] [work-queue] {"queueLength":1,"workRunningCount":0}
[debug] [2020-09-23T13:14:28.626Z] [work-queue] {"queueLength":0,"workRunningCount":1}
[debug] [2020-09-23T13:14:28.627Z] Accepted request GET /kg-amaz/us-central1/api --> api
[debug] [2020-09-23T13:14:28.635Z] [worker-pool] addWorker(api) {"metadata":{"emulator":{"name":"functions"},"message":"[worker-pool] addWorker(api)"}}
[debug] [2020-09-23T13:14:28.635Z] [worker-pool] Adding worker with key api, total=1 {"metadata":{"emulator":{"name":"functions"},"message":"[worker-pool] Adding worker with key api, total=1"}}
[debug] [2020-09-23T13:14:28.636Z] [worker-pool] submitWork(triggerId=api) {"metadata":{"emulator":{"name":"functions"},"message":"[worker-pool] submitWork(triggerId=api)"}}
[debug] [2020-09-23T13:14:28.636Z] [worker-api-ac22b68d-11d1-4b66-bcf9-b5e1d6b76a28]: Assigning socketPath: \\?\pipe\D:\kevin.grondin\Documents\React\amazonc-clone\functions\6988 {"metadata":{"emulator":{"name":"functions"},"message":"[worker-api-ac22b68d-11d1-4b66-bcf9-b5e1d6b76a28]: Assigning socketPath: \\\\?\\pipe\\D:\\kevin.grondin\\Documents\\React\\amazonc-clone\\functions\\6988"}}
[debug] [2020-09-23T13:14:28.636Z] [worker-api-ac22b68d-11d1-4b66-bcf9-b5e1d6b76a28]: BUSY {"metadata":{"emulator":{"name":"functions"},"message":"[worker-api-ac22b68d-11d1-4b66-bcf9-b5e1d6b76a28]: BUSY"}}
[debug] [2020-09-23T13:14:29.629Z] [runtime-status] [6988] Functions runtime initialized. {"cwd":"D:\\kevin.grondin\\Documents\\React\\amazonc-clone\\functions","node_version":"14.5.0"} {"metadata":{"emulator":{"name":"functions"},"function":{"name":"api"},"message":"[runtime-status] [6988] Functions runtime initialized. {\"cwd\":\"D:\\\\kevin.grondin\\\\Documents\\\\React\\\\amazonc-clone\\\\functions\",\"node_version\":\"14.5.0\"}"}}
[debug] [2020-09-23T13:14:29.634Z] [runtime-status] [6988] Disabled runtime features: undefined {"metadata":{"emulator":{"name":"functions"},"function":{"name":"api"},"message":"[runtime-status] [6988] Disabled runtime features: undefined"}}
[debug] [2020-09-23T13:14:29.647Z] [runtime-status] [6988] Resolved module firebase-admin {"declared":true,"installed":true,"version":"8.13.0","resolution":"D:\\kevin.grondin\\Documents\\React\\amazonc-clone\\functions\\node_modules\\firebase-admin\\lib\\index.js"} {"metadata":{"emulator":{"name":"functions"},"function":{"name":"api"},"message":"[runtime-status] [6988] Resolved module firebase-admin {\"declared\":true,\"installed\":true,\"version\":\"8.13.0\",\"resolution\":\"D:\\\\kevin.grondin\\\\Documents\\\\React\\\\amazonc-clone\\\\functions\\\\node_modules\\\\firebase-admin\\\\lib\\\\index.js\"}"}}
[debug] [2020-09-23T13:14:29.651Z] [runtime-status] [6988] Resolved module firebase-functions {"declared":true,"installed":true,"version":"3.11.0","resolution":"D:\\kevin.grondin\\Documents\\React\\amazonc-clone\\functions\\node_modules\\firebase-functions\\lib\\index.js"} {"metadata":{"emulator":{"name":"functions"},"function":{"name":"api"},"message":"[runtime-status] [6988] Resolved module firebase-functions {\"declared\":true,\"installed\":true,\"version\":\"3.11.0\",\"resolution\":\"D:\\\\kevin.grondin\\\\Documents\\\\React\\\\amazonc-clone\\\\functions\\\\node_modules\\\\firebase-functions\\\\lib\\\\index.js\"}"}}
[debug] [2020-09-23T13:14:29.657Z] [runtime-status] [6988] Resolved module firebase-functions {"declared":true,"installed":true,"version":"3.11.0","resolution":"D:\\kevin.grondin\\Documents\\React\\amazonc-clone\\functions\\node_modules\\firebase-functions\\lib\\index.js"} {"metadata":{"emulator":{"name":"functions"},"function":{"name":"api"},"message":"[runtime-status] [6988] Resolved module firebase-functions {\"declared\":true,\"installed\":true,\"version\":\"3.11.0\",\"resolution\":\"D:\\\\kevin.grondin\\\\Documents\\\\React\\\\amazonc-clone\\\\functions\\\\node_modules\\\\firebase-functions\\\\lib\\\\index.js\"}"}}
[debug] [2020-09-23T13:14:29.661Z] [runtime-status] [6988] Outgoing network have been stubbed. [{"name":"http","status":"mocked"},{"name":"http","status":"mocked"},{"name":"https","status":"mocked"},{"name":"https","status":"mocked"},{"name":"net","status":"mocked"}] {"metadata":{"emulator":{"name":"functions"},"function":{"name":"api"},"message":"[runtime-status] [6988] Outgoing network have been stubbed. [{\"name\":\"http\",\"status\":\"mocked\"},{\"name\":\"http\",\"status\":\"mocked\"},{\"name\":\"https\",\"status\":\"mocked\"},{\"name\":\"https\",\"status\":\"mocked\"},{\"name\":\"net\",\"status\":\"mocked\"}]"}}
[debug] [2020-09-23T13:14:29.663Z] [runtime-status] [6988] Resolved module firebase-functions {"declared":true,"installed":true,"version":"3.11.0","resolution":"D:\\kevin.grondin\\Documents\\React\\amazonc-clone\\functions\\node_modules\\firebase-functions\\lib\\index.js"} {"metadata":{"emulator":{"name":"functions"},"function":{"name":"api"},"message":"[runtime-status] [6988] Resolved module firebase-functions {\"declared\":true,\"installed\":true,\"version\":\"3.11.0\",\"resolution\":\"D:\\\\kevin.grondin\\\\Documents\\\\React\\\\amazonc-clone\\\\functions\\\\node_modules\\\\firebase-functions\\\\lib\\\\index.js\"}"}}
[debug] [2020-09-23T13:14:29.781Z] [runtime-status] [6988] Checked functions.config() {"config":{}} {"metadata":{"emulator":{"name":"functions"},"function":{"name":"api"},"message":"[runtime-status] [6988] Checked functions.config() {\"config\":{}}"}}
[debug] [2020-09-23T13:14:29.782Z] [runtime-status] [6988] firebase-functions has been stubbed. {"functionsResolution":{"declared":true,"installed":true,"version":"3.11.0","resolution":"D:\\kevin.grondin\\Documents\\React\\amazonc-clone\\functions\\node_modules\\firebase-functions\\lib\\index.js"}} {"metadata":{"emulator":{"name":"functions"},"function":{"name":"api"},"message":"[runtime-status] [6988] firebase-functions has been stubbed. {\"functionsResolution\":{\"declared\":true,\"installed\":true,\"version\":\"3.11.0\",\"resolution\":\"D:\\\\kevin.grondin\\\\Documents\\\\React\\\\amazonc-clone\\\\functions\\\\node_modules\\\\firebase-functions\\\\lib\\\\index.js\"}}"}}
[debug] [2020-09-23T13:14:29.783Z] [runtime-status] [6988] Resolved module firebase-functions {"declared":true,"installed":true,"version":"3.11.0","resolution":"D:\\kevin.grondin\\Documents\\React\\amazonc-clone\\functions\\node_modules\\firebase-functions\\lib\\index.js"} {"metadata":{"emulator":{"name":"functions"},"function":{"name":"api"},"message":"[runtime-status] [6988] Resolved module firebase-functions {\"declared\":true,\"installed\":true,\"version\":\"3.11.0\",\"resolution\":\"D:\\\\kevin.grondin\\\\Documents\\\\React\\\\amazonc-clone\\\\functions\\\\node_modules\\\\firebase-functions\\\\lib\\\\index.js\"}"}}
[debug] [2020-09-23T13:14:29.786Z] [runtime-status] [6988] Resolved module firebase-admin {"declared":true,"installed":true,"version":"8.13.0","resolution":"D:\\kevin.grondin\\Documents\\React\\amazonc-clone\\functions\\node_modules\\firebase-admin\\lib\\index.js"} {"metadata":{"emulator":{"name":"functions"},"function":{"name":"api"},"message":"[runtime-status] [6988] Resolved module firebase-admin {\"declared\":true,\"installed\":true,\"version\":\"8.13.0\",\"resolution\":\"D:\\\\kevin.grondin\\\\Documents\\\\React\\\\amazonc-clone\\\\functions\\\\node_modules\\\\firebase-admin\\\\lib\\\\index.js\"}"}}
[debug] [2020-09-23T13:14:29.788Z] [runtime-status] [6988] Resolved module firebase-functions {"declared":true,"installed":true,"version":"3.11.0","resolution":"D:\\kevin.grondin\\Documents\\React\\amazonc-clone\\functions\\node_modules\\firebase-functions\\lib\\index.js"} {"metadata":{"emulator":{"name":"functions"},"function":{"name":"api"},"message":"[runtime-status] [6988] Resolved module firebase-functions {\"declared\":true,\"installed\":true,\"version\":\"3.11.0\",\"resolution\":\"D:\\\\kevin.grondin\\\\Documents\\\\React\\\\amazonc-clone\\\\functions\\\\node_modules\\\\firebase-functions\\\\lib\\\\index.js\"}"}}
[debug] [2020-09-23T13:14:29.789Z] [runtime-status] [6988] firebase-admin has been stubbed. {"adminResolution":{"declared":true,"installed":true,"version":"8.13.0","resolution":"D:\\kevin.grondin\\Documents\\React\\amazonc-clone\\functions\\node_modules\\firebase-admin\\lib\\index.js"}} {"metadata":{"emulator":{"name":"functions"},"function":{"name":"api"},"message":"[runtime-status] [6988] firebase-admin has been stubbed. {\"adminResolution\":{\"declared\":true,\"installed\":true,\"version\":\"8.13.0\",\"resolution\":\"D:\\\\kevin.grondin\\\\Documents\\\\React\\\\amazonc-clone\\\\functions\\\\node_modules\\\\firebase-admin\\\\lib\\\\index.js\"}}"}}
[debug] [2020-09-23T13:14:30.253Z] [runtime-status] [6988] Trigger "api" has been found, beginning invocation! {"metadata":{"emulator":{"name":"functions"},"function":{"name":"api"},"message":"[runtime-status] [6988] Trigger \"api\" has been found, beginning invocation!"}}
[info] i  functions: Beginning execution of "api" {"metadata":{"emulator":{"name":"functions"},"function":{"name":"api"},"message":"Beginning execution of \"api\""}}
[debug] [2020-09-23T13:14:30.257Z] [runtime-status] [6988] triggerDefinition {"httpsTrigger":{},"name":"api","entryPoint":"api"} {"metadata":{"emulator":{"name":"functions"},"function":{"name":"api"},"message":"[runtime-status] [6988] triggerDefinition {\"httpsTrigger\":{},\"name\":\"api\",\"entryPoint\":\"api\"}"}}
[debug] [2020-09-23T13:14:30.257Z] [runtime-status] [6988] Running api in mode HTTPS {"metadata":{"emulator":{"name":"functions"},"function":{"name":"api"},"message":"[runtime-status] [6988] Running api in mode HTTPS"}}
[debug] [2020-09-23T13:14:30.265Z] [runtime-status] [6988] Attempting to listen to socketPath: \\?\pipe\D:\kevin.grondin\Documents\React\amazonc-clone\functions\6988 {"metadata":{"emulator":{"name":"functions"},"function":{"name":"api"},"message":"[runtime-status] [6988] Attempting to listen to socketPath: \\\\?\\pipe\\D:\\kevin.grondin\\Documents\\React\\amazonc-clone\\functions\\6988"}}
[debug] [2020-09-23T13:14:30.273Z] [functions] Runtime ready! Sending request! {"metadata":{"emulator":{"name":"functions"},"message":"[functions] Runtime ready! Sending request!"}}
[debug] [2020-09-23T13:14:30.288Z] [runtime-status] [6988] Ephemeral server handling GET request {"metadata":{"emulator":{"name":"functions"},"function":{"name":"api"},"message":"[runtime-status] [6988] Ephemeral server handling GET request"}}
[debug] [2020-09-23T13:14:30.313Z] [runtime-status] [6988] Ephemeral server survived. {"metadata":{"emulator":{"name":"functions"},"function":{"name":"api"},"message":"[runtime-status] [6988] Ephemeral server survived."}}
[info] i  functions: Finished "api" in ~1s {"metadata":{"emulator":{"name":"functions"},"function":{"name":"api"},"message":"Finished \"api\" in ~1s"}}
[debug] [2020-09-23T13:14:30.322Z] [worker-api-ac22b68d-11d1-4b66-bcf9-b5e1d6b76a28]: IDLE {"metadata":{"emulator":{"name":"functions"},"message":"[worker-api-ac22b68d-11d1-4b66-bcf9-b5e1d6b76a28]: IDLE"}}
[debug] [2020-09-23T13:14:30.323Z] [work-queue] {"queueLength":0,"workRunningCount":0}
[debug] [2020-09-23T13:14:31.491Z] Functions emulator received unknown request at path /favicon.ico
[debug] [2020-09-23T13:17:40.382Z] File D:\kevin.grondin\Documents\React\amazonc-clone\functions\index.js changed, reloading triggers {"metadata":{"emulator":{"name":"functions"},"message":"File D:\\kevin.grondin\\Documents\\React\\amazonc-clone\\functions\\index.js changed, reloading triggers"}}
[debug] [2020-09-23T13:17:41.383Z] [worker-pool] Shutting down IDLE worker (~diagnostic~) {"metadata":{"emulator":{"name":"functions"},"message":"[worker-pool] Shutting down IDLE worker (~diagnostic~)"}}
[debug] [2020-09-23T13:17:41.384Z] [worker-~diagnostic~-24bf45f8-db89-4f27-925c-c0537395872c]: FINISHING {"metadata":{"emulator":{"name":"functions"},"message":"[worker-~diagnostic~-24bf45f8-db89-4f27-925c-c0537395872c]: FINISHING"}}
[debug] [2020-09-23T13:17:41.384Z] [worker-pool] Shutting down IDLE worker (api) {"metadata":{"emulator":{"name":"functions"},"message":"[worker-pool] Shutting down IDLE worker (api)"}}
[debug] [2020-09-23T13:17:41.385Z] [worker-api-ac22b68d-11d1-4b66-bcf9-b5e1d6b76a28]: FINISHING {"metadata":{"emulator":{"name":"functions"},"message":"[worker-api-ac22b68d-11d1-4b66-bcf9-b5e1d6b76a28]: FINISHING"}}
[debug] [2020-09-23T13:17:41.403Z] [worker-pool] addWorker(~diagnostic~) {"metadata":{"emulator":{"name":"functions"},"message":"[worker-pool] addWorker(~diagnostic~)"}}
[debug] [2020-09-23T13:17:41.404Z] [worker-pool] Adding worker with key ~diagnostic~, total=2 {"metadata":{"emulator":{"name":"functions"},"message":"[worker-pool] Adding worker with key ~diagnostic~, total=2"}}
[debug] [2020-09-23T13:17:41.404Z] [worker-pool] submitWork(triggerId=) {"metadata":{"emulator":{"name":"functions"},"message":"[worker-pool] submitWork(triggerId=)"}}
[debug] [2020-09-23T13:17:41.405Z] [worker-~diagnostic~-e6d55534-4691-4492-9821-59e19fcd201c]: Assigning socketPath: \\?\pipe\D:\kevin.grondin\Documents\React\amazonc-clone\functions\17648 {"metadata":{"emulator":{"name":"functions"},"message":"[worker-~diagnostic~-e6d55534-4691-4492-9821-59e19fcd201c]: Assigning socketPath: \\\\?\\pipe\\D:\\kevin.grondin\\Documents\\React\\amazonc-clone\\functions\\17648"}}
[debug] [2020-09-23T13:17:41.405Z] [worker-~diagnostic~-e6d55534-4691-4492-9821-59e19fcd201c]: BUSY {"metadata":{"emulator":{"name":"functions"},"message":"[worker-~diagnostic~-e6d55534-4691-4492-9821-59e19fcd201c]: BUSY"}}
[debug] [2020-09-23T13:17:41.414Z] [worker-~diagnostic~-24bf45f8-db89-4f27-925c-c0537395872c]: exited {"metadata":{"emulator":{"name":"functions"},"message":"[worker-~diagnostic~-24bf45f8-db89-4f27-925c-c0537395872c]: exited"}}
[debug] [2020-09-23T13:17:41.415Z] [worker-~diagnostic~-24bf45f8-db89-4f27-925c-c0537395872c]: FINISHED {"metadata":{"emulator":{"name":"functions"},"message":"[worker-~diagnostic~-24bf45f8-db89-4f27-925c-c0537395872c]: FINISHED"}}
[debug] [2020-09-23T13:17:41.417Z] [worker-api-ac22b68d-11d1-4b66-bcf9-b5e1d6b76a28]: exited {"metadata":{"emulator":{"name":"functions"},"message":"[worker-api-ac22b68d-11d1-4b66-bcf9-b5e1d6b76a28]: exited"}}
[debug] [2020-09-23T13:17:41.418Z] [worker-api-ac22b68d-11d1-4b66-bcf9-b5e1d6b76a28]: FINISHED {"metadata":{"emulator":{"name":"functions"},"message":"[worker-api-ac22b68d-11d1-4b66-bcf9-b5e1d6b76a28]: FINISHED"}}
[debug] [2020-09-23T13:17:42.243Z] [runtime-status] [17648] Functions runtime initialized. {"cwd":"D:\\kevin.grondin\\Documents\\React\\amazonc-clone\\functions","node_version":"14.5.0"} {"metadata":{"emulator":{"name":"functions"},"message":"[runtime-status] [17648] Functions runtime initialized. {\"cwd\":\"D:\\\\kevin.grondin\\\\Documents\\\\React\\\\amazonc-clone\\\\functions\",\"node_version\":\"14.5.0\"}"}}
[debug] [2020-09-23T13:17:42.246Z] [runtime-status] [17648] Disabled runtime features: undefined {"metadata":{"emulator":{"name":"functions"},"message":"[runtime-status] [17648] Disabled runtime features: undefined"}}
[debug] [2020-09-23T13:17:42.252Z] [runtime-status] [17648] Resolved module firebase-admin {"declared":true,"installed":true,"version":"8.13.0","resolution":"D:\\kevin.grondin\\Documents\\React\\amazonc-clone\\functions\\node_modules\\firebase-admin\\lib\\index.js"} {"metadata":{"emulator":{"name":"functions"},"message":"[runtime-status] [17648] Resolved module firebase-admin {\"declared\":true,\"installed\":true,\"version\":\"8.13.0\",\"resolution\":\"D:\\\\kevin.grondin\\\\Documents\\\\React\\\\amazonc-clone\\\\functions\\\\node_modules\\\\firebase-admin\\\\lib\\\\index.js\"}"}}
[debug] [2020-09-23T13:17:42.259Z] [runtime-status] [17648] Resolved module firebase-functions {"declared":true,"installed":true,"version":"3.11.0","resolution":"D:\\kevin.grondin\\Documents\\React\\amazonc-clone\\functions\\node_modules\\firebase-functions\\lib\\index.js"} {"metadata":{"emulator":{"name":"functions"},"message":"[runtime-status] [17648] Resolved module firebase-functions {\"declared\":true,\"installed\":true,\"version\":\"3.11.0\",\"resolution\":\"D:\\\\kevin.grondin\\\\Documents\\\\React\\\\amazonc-clone\\\\functions\\\\node_modules\\\\firebase-functions\\\\lib\\\\index.js\"}"}}
[debug] [2020-09-23T13:17:42.263Z] [runtime-status] [17648] Resolved module firebase-functions {"declared":true,"installed":true,"version":"3.11.0","resolution":"D:\\kevin.grondin\\Documents\\React\\amazonc-clone\\functions\\node_modules\\firebase-functions\\lib\\index.js"} {"metadata":{"emulator":{"name":"functions"},"message":"[runtime-status] [17648] Resolved module firebase-functions {\"declared\":true,\"installed\":true,\"version\":\"3.11.0\",\"resolution\":\"D:\\\\kevin.grondin\\\\Documents\\\\React\\\\amazonc-clone\\\\functions\\\\node_modules\\\\firebase-functions\\\\lib\\\\index.js\"}"}}
[debug] [2020-09-23T13:17:42.267Z] [runtime-status] [17648] Outgoing network have been stubbed. [{"name":"http","status":"mocked"},{"name":"http","status":"mocked"},{"name":"https","status":"mocked"},{"name":"https","status":"mocked"},{"name":"net","status":"mocked"}] {"metadata":{"emulator":{"name":"functions"},"message":"[runtime-status] [17648] Outgoing network have been stubbed. [{\"name\":\"http\",\"status\":\"mocked\"},{\"name\":\"http\",\"status\":\"mocked\"},{\"name\":\"https\",\"status\":\"mocked\"},{\"name\":\"https\",\"status\":\"mocked\"},{\"name\":\"net\",\"status\":\"mocked\"}]"}}
[debug] [2020-09-23T13:17:42.268Z] [runtime-status] [17648] Resolved module firebase-functions {"declared":true,"installed":true,"version":"3.11.0","resolution":"D:\\kevin.grondin\\Documents\\React\\amazonc-clone\\functions\\node_modules\\firebase-functions\\lib\\index.js"} {"metadata":{"emulator":{"name":"functions"},"message":"[runtime-status] [17648] Resolved module firebase-functions {\"declared\":true,\"installed\":true,\"version\":\"3.11.0\",\"resolution\":\"D:\\\\kevin.grondin\\\\Documents\\\\React\\\\amazonc-clone\\\\functions\\\\node_modules\\\\firebase-functions\\\\lib\\\\index.js\"}"}}
[debug] [2020-09-23T13:17:42.359Z] [runtime-status] [17648] Checked functions.config() {"config":{}} {"metadata":{"emulator":{"name":"functions"},"message":"[runtime-status] [17648] Checked functions.config() {\"config\":{}}"}}
[debug] [2020-09-23T13:17:42.360Z] [runtime-status] [17648] firebase-functions has been stubbed. {"functionsResolution":{"declared":true,"installed":true,"version":"3.11.0","resolution":"D:\\kevin.grondin\\Documents\\React\\amazonc-clone\\functions\\node_modules\\firebase-functions\\lib\\index.js"}} {"metadata":{"emulator":{"name":"functions"},"message":"[runtime-status] [17648] firebase-functions has been stubbed. {\"functionsResolution\":{\"declared\":true,\"installed\":true,\"version\":\"3.11.0\",\"resolution\":\"D:\\\\kevin.grondin\\\\Documents\\\\React\\\\amazonc-clone\\\\functions\\\\node_modules\\\\firebase-functions\\\\lib\\\\index.js\"}}"}}
[debug] [2020-09-23T13:17:42.361Z] [runtime-status] [17648] Resolved module firebase-functions {"declared":true,"installed":true,"version":"3.11.0","resolution":"D:\\kevin.grondin\\Documents\\React\\amazonc-clone\\functions\\node_modules\\firebase-functions\\lib\\index.js"} {"metadata":{"emulator":{"name":"functions"},"message":"[runtime-status] [17648] Resolved module firebase-functions {\"declared\":true,\"installed\":true,\"version\":\"3.11.0\",\"resolution\":\"D:\\\\kevin.grondin\\\\Documents\\\\React\\\\amazonc-clone\\\\functions\\\\node_modules\\\\firebase-functions\\\\lib\\\\index.js\"}"}}
[debug] [2020-09-23T13:17:42.364Z] [runtime-status] [17648] Resolved module firebase-admin {"declared":true,"installed":true,"version":"8.13.0","resolution":"D:\\kevin.grondin\\Documents\\React\\amazonc-clone\\functions\\node_modules\\firebase-admin\\lib\\index.js"} {"metadata":{"emulator":{"name":"functions"},"message":"[runtime-status] [17648] Resolved module firebase-admin {\"declared\":true,\"installed\":true,\"version\":\"8.13.0\",\"resolution\":\"D:\\\\kevin.grondin\\\\Documents\\\\React\\\\amazonc-clone\\\\functions\\\\node_modules\\\\firebase-admin\\\\lib\\\\index.js\"}"}}
[debug] [2020-09-23T13:17:42.365Z] [runtime-status] [17648] Resolved module firebase-functions {"declared":true,"installed":true,"version":"3.11.0","resolution":"D:\\kevin.grondin\\Documents\\React\\amazonc-clone\\functions\\node_modules\\firebase-functions\\lib\\index.js"} {"metadata":{"emulator":{"name":"functions"},"message":"[runtime-status] [17648] Resolved module firebase-functions {\"declared\":true,\"installed\":true,\"version\":\"3.11.0\",\"resolution\":\"D:\\\\kevin.grondin\\\\Documents\\\\React\\\\amazonc-clone\\\\functions\\\\node_modules\\\\firebase-functions\\\\lib\\\\index.js\"}"}}
[debug] [2020-09-23T13:17:42.366Z] [runtime-status] [17648] firebase-admin has been stubbed. {"adminResolution":{"declared":true,"installed":true,"version":"8.13.0","resolution":"D:\\kevin.grondin\\Documents\\React\\amazonc-clone\\functions\\node_modules\\firebase-admin\\lib\\index.js"}} {"metadata":{"emulator":{"name":"functions"},"message":"[runtime-status] [17648] firebase-admin has been stubbed. {\"adminResolution\":{\"declared\":true,\"installed\":true,\"version\":\"8.13.0\",\"resolution\":\"D:\\\\kevin.grondin\\\\Documents\\\\React\\\\amazonc-clone\\\\functions\\\\node_modules\\\\firebase-admin\\\\lib\\\\index.js\"}}"}}
[debug] [2020-09-23T13:17:42.703Z] [worker-~diagnostic~-e6d55534-4691-4492-9821-59e19fcd201c]: IDLE {"metadata":{"emulator":{"name":"functions"},"message":"[worker-~diagnostic~-e6d55534-4691-4492-9821-59e19fcd201c]: IDLE"}}
[debug] [2020-09-23T13:18:02.076Z] File D:\kevin.grondin\Documents\React\amazonc-clone\functions\index.js changed, reloading triggers {"metadata":{"emulator":{"name":"functions"},"message":"File D:\\kevin.grondin\\Documents\\React\\amazonc-clone\\functions\\index.js changed, reloading triggers"}}
[debug] [2020-09-23T13:18:03.077Z] [worker-pool] Shutting down IDLE worker (~diagnostic~) {"metadata":{"emulator":{"name":"functions"},"message":"[worker-pool] Shutting down IDLE worker (~diagnostic~)"}}
[debug] [2020-09-23T13:18:03.077Z] [worker-~diagnostic~-e6d55534-4691-4492-9821-59e19fcd201c]: FINISHING {"metadata":{"emulator":{"name":"functions"},"message":"[worker-~diagnostic~-e6d55534-4691-4492-9821-59e19fcd201c]: FINISHING"}}
[debug] [2020-09-23T13:18:03.078Z] [worker-pool] Cleaned up workers for ~diagnostic~: 2 --> 1 {"metadata":{"emulator":{"name":"functions"},"message":"[worker-pool] Cleaned up workers for ~diagnostic~: 2 --> 1"}}
[debug] [2020-09-23T13:18:03.078Z] [worker-pool] Cleaned up workers for api: 1 --> 0 {"metadata":{"emulator":{"name":"functions"},"message":"[worker-pool] Cleaned up workers for api: 1 --> 0"}}
[debug] [2020-09-23T13:18:03.085Z] [worker-pool] addWorker(~diagnostic~) {"metadata":{"emulator":{"name":"functions"},"message":"[worker-pool] addWorker(~diagnostic~)"}}
[debug] [2020-09-23T13:18:03.086Z] [worker-pool] Adding worker with key ~diagnostic~, total=2 {"metadata":{"emulator":{"name":"functions"},"message":"[worker-pool] Adding worker with key ~diagnostic~, total=2"}}
[debug] [2020-09-23T13:18:03.086Z] [worker-pool] submitWork(triggerId=) {"metadata":{"emulator":{"name":"functions"},"message":"[worker-pool] submitWork(triggerId=)"}}
[debug] [2020-09-23T13:18:03.086Z] [worker-~diagnostic~-1cefee95-9693-4264-b38c-a6e24363fc30]: Assigning socketPath: \\?\pipe\D:\kevin.grondin\Documents\React\amazonc-clone\functions\3260 {"metadata":{"emulator":{"name":"functions"},"message":"[worker-~diagnostic~-1cefee95-9693-4264-b38c-a6e24363fc30]: Assigning socketPath: \\\\?\\pipe\\D:\\kevin.grondin\\Documents\\React\\amazonc-clone\\functions\\3260"}}
[debug] [2020-09-23T13:18:03.086Z] [worker-~diagnostic~-1cefee95-9693-4264-b38c-a6e24363fc30]: BUSY {"metadata":{"emulator":{"name":"functions"},"message":"[worker-~diagnostic~-1cefee95-9693-4264-b38c-a6e24363fc30]: BUSY"}}
[debug] [2020-09-23T13:18:03.099Z] [worker-~diagnostic~-e6d55534-4691-4492-9821-59e19fcd201c]: exited {"metadata":{"emulator":{"name":"functions"},"message":"[worker-~diagnostic~-e6d55534-4691-4492-9821-59e19fcd201c]: exited"}}
[debug] [2020-09-23T13:18:03.100Z] [worker-~diagnostic~-e6d55534-4691-4492-9821-59e19fcd201c]: FINISHED {"metadata":{"emulator":{"name":"functions"},"message":"[worker-~diagnostic~-e6d55534-4691-4492-9821-59e19fcd201c]: FINISHED"}}
[debug] [2020-09-23T13:18:03.768Z] [runtime-status] [3260] Functions runtime initialized. {"cwd":"D:\\kevin.grondin\\Documents\\React\\amazonc-clone\\functions","node_version":"14.5.0"} {"metadata":{"emulator":{"name":"functions"},"message":"[runtime-status] [3260] Functions runtime initialized. {\"cwd\":\"D:\\\\kevin.grondin\\\\Documents\\\\React\\\\amazonc-clone\\\\functions\",\"node_version\":\"14.5.0\"}"}}
[debug] [2020-09-23T13:18:03.771Z] [runtime-status] [3260] Disabled runtime features: undefined {"metadata":{"emulator":{"name":"functions"},"message":"[runtime-status] [3260] Disabled runtime features: undefined"}}
[debug] [2020-09-23T13:18:03.778Z] [runtime-status] [3260] Resolved module firebase-admin {"declared":true,"installed":true,"version":"8.13.0","resolution":"D:\\kevin.grondin\\Documents\\React\\amazonc-clone\\functions\\node_modules\\firebase-admin\\lib\\index.js"} {"metadata":{"emulator":{"name":"functions"},"message":"[runtime-status] [3260] Resolved module firebase-admin {\"declared\":true,\"installed\":true,\"version\":\"8.13.0\",\"resolution\":\"D:\\\\kevin.grondin\\\\Documents\\\\React\\\\amazonc-clone\\\\functions\\\\node_modules\\\\firebase-admin\\\\lib\\\\index.js\"}"}}
[debug] [2020-09-23T13:18:03.781Z] [runtime-status] [3260] Resolved module firebase-functions {"declared":true,"installed":true,"version":"3.11.0","resolution":"D:\\kevin.grondin\\Documents\\React\\amazonc-clone\\functions\\node_modules\\firebase-functions\\lib\\index.js"} {"metadata":{"emulator":{"name":"functions"},"message":"[runtime-status] [3260] Resolved module firebase-functions {\"declared\":true,\"installed\":true,\"version\":\"3.11.0\",\"resolution\":\"D:\\\\kevin.grondin\\\\Documents\\\\React\\\\amazonc-clone\\\\functions\\\\node_modules\\\\firebase-functions\\\\lib\\\\index.js\"}"}}
[debug] [2020-09-23T13:18:03.783Z] [runtime-status] [3260] Resolved module firebase-functions {"declared":true,"installed":true,"version":"3.11.0","resolution":"D:\\kevin.grondin\\Documents\\React\\amazonc-clone\\functions\\node_modules\\firebase-functions\\lib\\index.js"} {"metadata":{"emulator":{"name":"functions"},"message":"[runtime-status] [3260] Resolved module firebase-functions {\"declared\":true,\"installed\":true,\"version\":\"3.11.0\",\"resolution\":\"D:\\\\kevin.grondin\\\\Documents\\\\React\\\\amazonc-clone\\\\functions\\\\node_modules\\\\firebase-functions\\\\lib\\\\index.js\"}"}}
[debug] [2020-09-23T13:18:03.787Z] [runtime-status] [3260] Outgoing network have been stubbed. [{"name":"http","status":"mocked"},{"name":"http","status":"mocked"},{"name":"https","status":"mocked"},{"name":"https","status":"mocked"},{"name":"net","status":"mocked"}] {"metadata":{"emulator":{"name":"functions"},"message":"[runtime-status] [3260] Outgoing network have been stubbed. [{\"name\":\"http\",\"status\":\"mocked\"},{\"name\":\"http\",\"status\":\"mocked\"},{\"name\":\"https\",\"status\":\"mocked\"},{\"name\":\"https\",\"status\":\"mocked\"},{\"name\":\"net\",\"status\":\"mocked\"}]"}}
[debug] [2020-09-23T13:18:03.787Z] [runtime-status] [3260] Resolved module firebase-functions {"declared":true,"installed":true,"version":"3.11.0","resolution":"D:\\kevin.grondin\\Documents\\React\\amazonc-clone\\functions\\node_modules\\firebase-functions\\lib\\index.js"} {"metadata":{"emulator":{"name":"functions"},"message":"[runtime-status] [3260] Resolved module firebase-functions {\"declared\":true,\"installed\":true,\"version\":\"3.11.0\",\"resolution\":\"D:\\\\kevin.grondin\\\\Documents\\\\React\\\\amazonc-clone\\\\functions\\\\node_modules\\\\firebase-functions\\\\lib\\\\index.js\"}"}}
[debug] [2020-09-23T13:18:03.861Z] [runtime-status] [3260] Checked functions.config() {"config":{}} {"metadata":{"emulator":{"name":"functions"},"message":"[runtime-status] [3260] Checked functions.config() {\"config\":{}}"}}
[debug] [2020-09-23T13:18:03.861Z] [runtime-status] [3260] firebase-functions has been stubbed. {"functionsResolution":{"declared":true,"installed":true,"version":"3.11.0","resolution":"D:\\kevin.grondin\\Documents\\React\\amazonc-clone\\functions\\node_modules\\firebase-functions\\lib\\index.js"}} {"metadata":{"emulator":{"name":"functions"},"message":"[runtime-status] [3260] firebase-functions has been stubbed. {\"functionsResolution\":{\"declared\":true,\"installed\":true,\"version\":\"3.11.0\",\"resolution\":\"D:\\\\kevin.grondin\\\\Documents\\\\React\\\\amazonc-clone\\\\functions\\\\node_modules\\\\firebase-functions\\\\lib\\\\index.js\"}}"}}
[debug] [2020-09-23T13:18:03.862Z] [runtime-status] [3260] Resolved module firebase-functions {"declared":true,"installed":true,"version":"3.11.0","resolution":"D:\\kevin.grondin\\Documents\\React\\amazonc-clone\\functions\\node_modules\\firebase-functions\\lib\\index.js"} {"metadata":{"emulator":{"name":"functions"},"message":"[runtime-status] [3260] Resolved module firebase-functions {\"declared\":true,\"installed\":true,\"version\":\"3.11.0\",\"resolution\":\"D:\\\\kevin.grondin\\\\Documents\\\\React\\\\amazonc-clone\\\\functions\\\\node_modules\\\\firebase-functions\\\\lib\\\\index.js\"}"}}
[debug] [2020-09-23T13:18:03.864Z] [runtime-status] [3260] Resolved module firebase-admin {"declared":true,"installed":true,"version":"8.13.0","resolution":"D:\\kevin.grondin\\Documents\\React\\amazonc-clone\\functions\\node_modules\\firebase-admin\\lib\\index.js"} {"metadata":{"emulator":{"name":"functions"},"message":"[runtime-status] [3260] Resolved module firebase-admin {\"declared\":true,\"installed\":true,\"version\":\"8.13.0\",\"resolution\":\"D:\\\\kevin.grondin\\\\Documents\\\\React\\\\amazonc-clone\\\\functions\\\\node_modules\\\\firebase-admin\\\\lib\\\\index.js\"}"}}
[debug] [2020-09-23T13:18:03.865Z] [runtime-status] [3260] Resolved module firebase-functions {"declared":true,"installed":true,"version":"3.11.0","resolution":"D:\\kevin.grondin\\Documents\\React\\amazonc-clone\\functions\\node_modules\\firebase-functions\\lib\\index.js"} {"metadata":{"emulator":{"name":"functions"},"message":"[runtime-status] [3260] Resolved module firebase-functions {\"declared\":true,\"installed\":true,\"version\":\"3.11.0\",\"resolution\":\"D:\\\\kevin.grondin\\\\Documents\\\\React\\\\amazonc-clone\\\\functions\\\\node_modules\\\\firebase-functions\\\\lib\\\\index.js\"}"}}
[debug] [2020-09-23T13:18:03.865Z] [runtime-status] [3260] firebase-admin has been stubbed. {"adminResolution":{"declared":true,"installed":true,"version":"8.13.0","resolution":"D:\\kevin.grondin\\Documents\\React\\amazonc-clone\\functions\\node_modules\\firebase-admin\\lib\\index.js"}} {"metadata":{"emulator":{"name":"functions"},"message":"[runtime-status] [3260] firebase-admin has been stubbed. {\"adminResolution\":{\"declared\":true,\"installed\":true,\"version\":\"8.13.0\",\"resolution\":\"D:\\\\kevin.grondin\\\\Documents\\\\React\\\\amazonc-clone\\\\functions\\\\node_modules\\\\firebase-admin\\\\lib\\\\index.js\"}}"}}
[debug] [2020-09-23T13:18:04.132Z] [worker-~diagnostic~-1cefee95-9693-4264-b38c-a6e24363fc30]: IDLE {"metadata":{"emulator":{"name":"functions"},"message":"[worker-~diagnostic~-1cefee95-9693-4264-b38c-a6e24363fc30]: IDLE"}}
[debug] [2020-09-23T13:19:24.206Z] File D:\kevin.grondin\Documents\React\amazonc-clone\functions\index.js changed, reloading triggers {"metadata":{"emulator":{"name":"functions"},"message":"File D:\\kevin.grondin\\Documents\\React\\amazonc-clone\\functions\\index.js changed, reloading triggers"}}
[debug] [2020-09-23T13:19:25.208Z] [worker-pool] Shutting down IDLE worker (~diagnostic~) {"metadata":{"emulator":{"name":"functions"},"message":"[worker-pool] Shutting down IDLE worker (~diagnostic~)"}}
[debug] [2020-09-23T13:19:25.209Z] [worker-~diagnostic~-1cefee95-9693-4264-b38c-a6e24363fc30]: FINISHING {"metadata":{"emulator":{"name":"functions"},"message":"[worker-~diagnostic~-1cefee95-9693-4264-b38c-a6e24363fc30]: FINISHING"}}
[debug] [2020-09-23T13:19:25.209Z] [worker-pool] Cleaned up workers for ~diagnostic~: 2 --> 1 {"metadata":{"emulator":{"name":"functions"},"message":"[worker-pool] Cleaned up workers for ~diagnostic~: 2 --> 1"}}
[debug] [2020-09-23T13:19:25.217Z] [worker-pool] addWorker(~diagnostic~) {"metadata":{"emulator":{"name":"functions"},"message":"[worker-pool] addWorker(~diagnostic~)"}}
[debug] [2020-09-23T13:19:25.217Z] [worker-pool] Adding worker with key ~diagnostic~, total=2 {"metadata":{"emulator":{"name":"functions"},"message":"[worker-pool] Adding worker with key ~diagnostic~, total=2"}}
[debug] [2020-09-23T13:19:25.217Z] [worker-pool] submitWork(triggerId=) {"metadata":{"emulator":{"name":"functions"},"message":"[worker-pool] submitWork(triggerId=)"}}
[debug] [2020-09-23T13:19:25.218Z] [worker-~diagnostic~-6669630b-1a77-4c2c-8c7c-7924aa83d032]: Assigning socketPath: \\?\pipe\D:\kevin.grondin\Documents\React\amazonc-clone\functions\12396 {"metadata":{"emulator":{"name":"functions"},"message":"[worker-~diagnostic~-6669630b-1a77-4c2c-8c7c-7924aa83d032]: Assigning socketPath: \\\\?\\pipe\\D:\\kevin.grondin\\Documents\\React\\amazonc-clone\\functions\\12396"}}
[debug] [2020-09-23T13:19:25.218Z] [worker-~diagnostic~-6669630b-1a77-4c2c-8c7c-7924aa83d032]: BUSY {"metadata":{"emulator":{"name":"functions"},"message":"[worker-~diagnostic~-6669630b-1a77-4c2c-8c7c-7924aa83d032]: BUSY"}}
[debug] [2020-09-23T13:19:25.223Z] [worker-~diagnostic~-1cefee95-9693-4264-b38c-a6e24363fc30]: exited {"metadata":{"emulator":{"name":"functions"},"message":"[worker-~diagnostic~-1cefee95-9693-4264-b38c-a6e24363fc30]: exited"}}
[debug] [2020-09-23T13:19:25.223Z] [worker-~diagnostic~-1cefee95-9693-4264-b38c-a6e24363fc30]: FINISHED {"metadata":{"emulator":{"name":"functions"},"message":"[worker-~diagnostic~-1cefee95-9693-4264-b38c-a6e24363fc30]: FINISHED"}}
[debug] [2020-09-23T13:19:26.199Z] [runtime-status] [12396] Functions runtime initialized. {"cwd":"D:\\kevin.grondin\\Documents\\React\\amazonc-clone\\functions","node_version":"14.5.0"} {"metadata":{"emulator":{"name":"functions"},"message":"[runtime-status] [12396] Functions runtime initialized. {\"cwd\":\"D:\\\\kevin.grondin\\\\Documents\\\\React\\\\amazonc-clone\\\\functions\",\"node_version\":\"14.5.0\"}"}}
[debug] [2020-09-23T13:19:26.201Z] [runtime-status] [12396] Disabled runtime features: undefined {"metadata":{"emulator":{"name":"functions"},"message":"[runtime-status] [12396] Disabled runtime features: undefined"}}
[debug] [2020-09-23T13:19:26.207Z] [runtime-status] [12396] Resolved module firebase-admin {"declared":true,"installed":true,"version":"8.13.0","resolution":"D:\\kevin.grondin\\Documents\\React\\amazonc-clone\\functions\\node_modules\\firebase-admin\\lib\\index.js"} {"metadata":{"emulator":{"name":"functions"},"message":"[runtime-status] [12396] Resolved module firebase-admin {\"declared\":true,\"installed\":true,\"version\":\"8.13.0\",\"resolution\":\"D:\\\\kevin.grondin\\\\Documents\\\\React\\\\amazonc-clone\\\\functions\\\\node_modules\\\\firebase-admin\\\\lib\\\\index.js\"}"}}
[debug] [2020-09-23T13:19:26.214Z] [runtime-status] [12396] Resolved module firebase-functions {"declared":true,"installed":true,"version":"3.11.0","resolution":"D:\\kevin.grondin\\Documents\\React\\amazonc-clone\\functions\\node_modules\\firebase-functions\\lib\\index.js"} {"metadata":{"emulator":{"name":"functions"},"message":"[runtime-status] [12396] Resolved module firebase-functions {\"declared\":true,\"installed\":true,\"version\":\"3.11.0\",\"resolution\":\"D:\\\\kevin.grondin\\\\Documents\\\\React\\\\amazonc-clone\\\\functions\\\\node_modules\\\\firebase-functions\\\\lib\\\\index.js\"}"}}
[debug] [2020-09-23T13:19:26.218Z] [runtime-status] [12396] Resolved module firebase-functions {"declared":true,"installed":true,"version":"3.11.0","resolution":"D:\\kevin.grondin\\Documents\\React\\amazonc-clone\\functions\\node_modules\\firebase-functions\\lib\\index.js"} {"metadata":{"emulator":{"name":"functions"},"message":"[runtime-status] [12396] Resolved module firebase-functions {\"declared\":true,\"installed\":true,\"version\":\"3.11.0\",\"resolution\":\"D:\\\\kevin.grondin\\\\Documents\\\\React\\\\amazonc-clone\\\\functions\\\\node_modules\\\\firebase-functions\\\\lib\\\\index.js\"}"}}
[debug] [2020-09-23T13:19:26.221Z] [runtime-status] [12396] Outgoing network have been stubbed. [{"name":"http","status":"mocked"},{"name":"http","status":"mocked"},{"name":"https","status":"mocked"},{"name":"https","status":"mocked"},{"name":"net","status":"mocked"}] {"metadata":{"emulator":{"name":"functions"},"message":"[runtime-status] [12396] Outgoing network have been stubbed. [{\"name\":\"http\",\"status\":\"mocked\"},{\"name\":\"http\",\"status\":\"mocked\"},{\"name\":\"https\",\"status\":\"mocked\"},{\"name\":\"https\",\"status\":\"mocked\"},{\"name\":\"net\",\"status\":\"mocked\"}]"}}
[debug] [2020-09-23T13:19:26.222Z] [runtime-status] [12396] Resolved module firebase-functions {"declared":true,"installed":true,"version":"3.11.0","resolution":"D:\\kevin.grondin\\Documents\\React\\amazonc-clone\\functions\\node_modules\\firebase-functions\\lib\\index.js"} {"metadata":{"emulator":{"name":"functions"},"message":"[runtime-status] [12396] Resolved module firebase-functions {\"declared\":true,\"installed\":true,\"version\":\"3.11.0\",\"resolution\":\"D:\\\\kevin.grondin\\\\Documents\\\\React\\\\amazonc-clone\\\\functions\\\\node_modules\\\\firebase-functions\\\\lib\\\\index.js\"}"}}
[debug] [2020-09-23T13:19:26.282Z] [runtime-status] [12396] Checked functions.config() {"config":{}} {"metadata":{"emulator":{"name":"functions"},"message":"[runtime-status] [12396] Checked functions.config() {\"config\":{}}"}}
[debug] [2020-09-23T13:19:26.282Z] [runtime-status] [12396] firebase-functions has been stubbed. {"functionsResolution":{"declared":true,"installed":true,"version":"3.11.0","resolution":"D:\\kevin.grondin\\Documents\\React\\amazonc-clone\\functions\\node_modules\\firebase-functions\\lib\\index.js"}} {"metadata":{"emulator":{"name":"functions"},"message":"[runtime-status] [12396] firebase-functions has been stubbed. {\"functionsResolution\":{\"declared\":true,\"installed\":true,\"version\":\"3.11.0\",\"resolution\":\"D:\\\\kevin.grondin\\\\Documents\\\\React\\\\amazonc-clone\\\\functions\\\\node_modules\\\\firebase-functions\\\\lib\\\\index.js\"}}"}}
[debug] [2020-09-23T13:19:26.283Z] [runtime-status] [12396] Resolved module firebase-functions {"declared":true,"installed":true,"version":"3.11.0","resolution":"D:\\kevin.grondin\\Documents\\React\\amazonc-clone\\functions\\node_modules\\firebase-functions\\lib\\index.js"} {"metadata":{"emulator":{"name":"functions"},"message":"[runtime-status] [12396] Resolved module firebase-functions {\"declared\":true,\"installed\":true,\"version\":\"3.11.0\",\"resolution\":\"D:\\\\kevin.grondin\\\\Documents\\\\React\\\\amazonc-clone\\\\functions\\\\node_modules\\\\firebase-functions\\\\lib\\\\index.js\"}"}}
[debug] [2020-09-23T13:19:26.284Z] [runtime-status] [12396] Resolved module firebase-admin {"declared":true,"installed":true,"version":"8.13.0","resolution":"D:\\kevin.grondin\\Documents\\React\\amazonc-clone\\functions\\node_modules\\firebase-admin\\lib\\index.js"} {"metadata":{"emulator":{"name":"functions"},"message":"[runtime-status] [12396] Resolved module firebase-admin {\"declared\":true,\"installed\":true,\"version\":\"8.13.0\",\"resolution\":\"D:\\\\kevin.grondin\\\\Documents\\\\React\\\\amazonc-clone\\\\functions\\\\node_modules\\\\firebase-admin\\\\lib\\\\index.js\"}"}}
[debug] [2020-09-23T13:19:26.285Z] [runtime-status] [12396] Resolved module firebase-functions {"declared":true,"installed":true,"version":"3.11.0","resolution":"D:\\kevin.grondin\\Documents\\React\\amazonc-clone\\functions\\node_modules\\firebase-functions\\lib\\index.js"} {"metadata":{"emulator":{"name":"functions"},"message":"[runtime-status] [12396] Resolved module firebase-functions {\"declared\":true,\"installed\":true,\"version\":\"3.11.0\",\"resolution\":\"D:\\\\kevin.grondin\\\\Documents\\\\React\\\\amazonc-clone\\\\functions\\\\node_modules\\\\firebase-functions\\\\lib\\\\index.js\"}"}}
[debug] [2020-09-23T13:19:26.285Z] [runtime-status] [12396] firebase-admin has been stubbed. {"adminResolution":{"declared":true,"installed":true,"version":"8.13.0","resolution":"D:\\kevin.grondin\\Documents\\React\\amazonc-clone\\functions\\node_modules\\firebase-admin\\lib\\index.js"}} {"metadata":{"emulator":{"name":"functions"},"message":"[runtime-status] [12396] firebase-admin has been stubbed. {\"adminResolution\":{\"declared\":true,\"installed\":true,\"version\":\"8.13.0\",\"resolution\":\"D:\\\\kevin.grondin\\\\Documents\\\\React\\\\amazonc-clone\\\\functions\\\\node_modules\\\\firebase-admin\\\\lib\\\\index.js\"}}"}}
[debug] [2020-09-23T13:19:26.512Z] [worker-~diagnostic~-6669630b-1a77-4c2c-8c7c-7924aa83d032]: IDLE {"metadata":{"emulator":{"name":"functions"},"message":"[worker-~diagnostic~-6669630b-1a77-4c2c-8c7c-7924aa83d032]: IDLE"}}
[debug] [2020-09-23T13:20:17.089Z] File D:\kevin.grondin\Documents\React\amazonc-clone\functions\index.js changed, reloading triggers {"metadata":{"emulator":{"name":"functions"},"message":"File D:\\kevin.grondin\\Documents\\React\\amazonc-clone\\functions\\index.js changed, reloading triggers"}}
[debug] [2020-09-23T13:20:18.091Z] [worker-pool] Shutting down IDLE worker (~diagnostic~) {"metadata":{"emulator":{"name":"functions"},"message":"[worker-pool] Shutting down IDLE worker (~diagnostic~)"}}
[debug] [2020-09-23T13:20:18.092Z] [worker-~diagnostic~-6669630b-1a77-4c2c-8c7c-7924aa83d032]: FINISHING {"metadata":{"emulator":{"name":"functions"},"message":"[worker-~diagnostic~-6669630b-1a77-4c2c-8c7c-7924aa83d032]: FINISHING"}}
[debug] [2020-09-23T13:20:18.092Z] [worker-pool] Cleaned up workers for ~diagnostic~: 2 --> 1 {"metadata":{"emulator":{"name":"functions"},"message":"[worker-pool] Cleaned up workers for ~diagnostic~: 2 --> 1"}}
[debug] [2020-09-23T13:20:18.097Z] [worker-pool] addWorker(~diagnostic~) {"metadata":{"emulator":{"name":"functions"},"message":"[worker-pool] addWorker(~diagnostic~)"}}
[debug] [2020-09-23T13:20:18.098Z] [worker-pool] Adding worker with key ~diagnostic~, total=2 {"metadata":{"emulator":{"name":"functions"},"message":"[worker-pool] Adding worker with key ~diagnostic~, total=2"}}
[debug] [2020-09-23T13:20:18.098Z] [worker-pool] submitWork(triggerId=) {"metadata":{"emulator":{"name":"functions"},"message":"[worker-pool] submitWork(triggerId=)"}}
[debug] [2020-09-23T13:20:18.098Z] [worker-~diagnostic~-773a4818-b519-4e36-a914-df6a0b944d6b]: Assigning socketPath: \\?\pipe\D:\kevin.grondin\Documents\React\amazonc-clone\functions\8908 {"metadata":{"emulator":{"name":"functions"},"message":"[worker-~diagnostic~-773a4818-b519-4e36-a914-df6a0b944d6b]: Assigning socketPath: \\\\?\\pipe\\D:\\kevin.grondin\\Documents\\React\\amazonc-clone\\functions\\8908"}}
[debug] [2020-09-23T13:20:18.098Z] [worker-~diagnostic~-773a4818-b519-4e36-a914-df6a0b944d6b]: BUSY {"metadata":{"emulator":{"name":"functions"},"message":"[worker-~diagnostic~-773a4818-b519-4e36-a914-df6a0b944d6b]: BUSY"}}
[debug] [2020-09-23T13:20:18.102Z] [worker-~diagnostic~-6669630b-1a77-4c2c-8c7c-7924aa83d032]: exited {"metadata":{"emulator":{"name":"functions"},"message":"[worker-~diagnostic~-6669630b-1a77-4c2c-8c7c-7924aa83d032]: exited"}}
[debug] [2020-09-23T13:20:18.103Z] [worker-~diagnostic~-6669630b-1a77-4c2c-8c7c-7924aa83d032]: FINISHED {"metadata":{"emulator":{"name":"functions"},"message":"[worker-~diagnostic~-6669630b-1a77-4c2c-8c7c-7924aa83d032]: FINISHED"}}
[debug] [2020-09-23T13:20:18.693Z] [runtime-status] [8908] Functions runtime initialized. {"cwd":"D:\\kevin.grondin\\Documents\\React\\amazonc-clone\\functions","node_version":"14.5.0"} {"metadata":{"emulator":{"name":"functions"},"message":"[runtime-status] [8908] Functions runtime initialized. {\"cwd\":\"D:\\\\kevin.grondin\\\\Documents\\\\React\\\\amazonc-clone\\\\functions\",\"node_version\":\"14.5.0\"}"}}
[debug] [2020-09-23T13:20:18.696Z] [runtime-status] [8908] Disabled runtime features: undefined {"metadata":{"emulator":{"name":"functions"},"message":"[runtime-status] [8908] Disabled runtime features: undefined"}}
[debug] [2020-09-23T13:20:18.702Z] [runtime-status] [8908] Resolved module firebase-admin {"declared":true,"installed":true,"version":"8.13.0","resolution":"D:\\kevin.grondin\\Documents\\React\\amazonc-clone\\functions\\node_modules\\firebase-admin\\lib\\index.js"} {"metadata":{"emulator":{"name":"functions"},"message":"[runtime-status] [8908] Resolved module firebase-admin {\"declared\":true,\"installed\":true,\"version\":\"8.13.0\",\"resolution\":\"D:\\\\kevin.grondin\\\\Documents\\\\React\\\\amazonc-clone\\\\functions\\\\node_modules\\\\firebase-admin\\\\lib\\\\index.js\"}"}}
[debug] [2020-09-23T13:20:18.705Z] [runtime-status] [8908] Resolved module firebase-functions {"declared":true,"installed":true,"version":"3.11.0","resolution":"D:\\kevin.grondin\\Documents\\React\\amazonc-clone\\functions\\node_modules\\firebase-functions\\lib\\index.js"} {"metadata":{"emulator":{"name":"functions"},"message":"[runtime-status] [8908] Resolved module firebase-functions {\"declared\":true,\"installed\":true,\"version\":\"3.11.0\",\"resolution\":\"D:\\\\kevin.grondin\\\\Documents\\\\React\\\\amazonc-clone\\\\functions\\\\node_modules\\\\firebase-functions\\\\lib\\\\index.js\"}"}}
[debug] [2020-09-23T13:20:18.708Z] [runtime-status] [8908] Resolved module firebase-functions {"declared":true,"installed":true,"version":"3.11.0","resolution":"D:\\kevin.grondin\\Documents\\React\\amazonc-clone\\functions\\node_modules\\firebase-functions\\lib\\index.js"} {"metadata":{"emulator":{"name":"functions"},"message":"[runtime-status] [8908] Resolved module firebase-functions {\"declared\":true,\"installed\":true,\"version\":\"3.11.0\",\"resolution\":\"D:\\\\kevin.grondin\\\\Documents\\\\React\\\\amazonc-clone\\\\functions\\\\node_modules\\\\firebase-functions\\\\lib\\\\index.js\"}"}}
[debug] [2020-09-23T13:20:18.712Z] [runtime-status] [8908] Outgoing network have been stubbed. [{"name":"http","status":"mocked"},{"name":"http","status":"mocked"},{"name":"https","status":"mocked"},{"name":"https","status":"mocked"},{"name":"net","status":"mocked"}] {"metadata":{"emulator":{"name":"functions"},"message":"[runtime-status] [8908] Outgoing network have been stubbed. [{\"name\":\"http\",\"status\":\"mocked\"},{\"name\":\"http\",\"status\":\"mocked\"},{\"name\":\"https\",\"status\":\"mocked\"},{\"name\":\"https\",\"status\":\"mocked\"},{\"name\":\"net\",\"status\":\"mocked\"}]"}}
[debug] [2020-09-23T13:20:18.713Z] [runtime-status] [8908] Resolved module firebase-functions {"declared":true,"installed":true,"version":"3.11.0","resolution":"D:\\kevin.grondin\\Documents\\React\\amazonc-clone\\functions\\node_modules\\firebase-functions\\lib\\index.js"} {"metadata":{"emulator":{"name":"functions"},"message":"[runtime-status] [8908] Resolved module firebase-functions {\"declared\":true,\"installed\":true,\"version\":\"3.11.0\",\"resolution\":\"D:\\\\kevin.grondin\\\\Documents\\\\React\\\\amazonc-clone\\\\functions\\\\node_modules\\\\firebase-functions\\\\lib\\\\index.js\"}"}}
[debug] [2020-09-23T13:20:18.776Z] [runtime-status] [8908] Checked functions.config() {"config":{}} {"metadata":{"emulator":{"name":"functions"},"message":"[runtime-status] [8908] Checked functions.config() {\"config\":{}}"}}
[debug] [2020-09-23T13:20:18.776Z] [runtime-status] [8908] firebase-functions has been stubbed. {"functionsResolution":{"declared":true,"installed":true,"version":"3.11.0","resolution":"D:\\kevin.grondin\\Documents\\React\\amazonc-clone\\functions\\node_modules\\firebase-functions\\lib\\index.js"}} {"metadata":{"emulator":{"name":"functions"},"message":"[runtime-status] [8908] firebase-functions has been stubbed. {\"functionsResolution\":{\"declared\":true,\"installed\":true,\"version\":\"3.11.0\",\"resolution\":\"D:\\\\kevin.grondin\\\\Documents\\\\React\\\\amazonc-clone\\\\functions\\\\node_modules\\\\firebase-functions\\\\lib\\\\index.js\"}}"}}
[debug] [2020-09-23T13:20:18.777Z] [runtime-status] [8908] Resolved module firebase-functions {"declared":true,"installed":true,"version":"3.11.0","resolution":"D:\\kevin.grondin\\Documents\\React\\amazonc-clone\\functions\\node_modules\\firebase-functions\\lib\\index.js"} {"metadata":{"emulator":{"name":"functions"},"message":"[runtime-status] [8908] Resolved module firebase-functions {\"declared\":true,\"installed\":true,\"version\":\"3.11.0\",\"resolution\":\"D:\\\\kevin.grondin\\\\Documents\\\\React\\\\amazonc-clone\\\\functions\\\\node_modules\\\\firebase-functions\\\\lib\\\\index.js\"}"}}
[debug] [2020-09-23T13:20:18.778Z] [runtime-status] [8908] Resolved module firebase-admin {"declared":true,"installed":true,"version":"8.13.0","resolution":"D:\\kevin.grondin\\Documents\\React\\amazonc-clone\\functions\\node_modules\\firebase-admin\\lib\\index.js"} {"metadata":{"emulator":{"name":"functions"},"message":"[runtime-status] [8908] Resolved module firebase-admin {\"declared\":true,\"installed\":true,\"version\":\"8.13.0\",\"resolution\":\"D:\\\\kevin.grondin\\\\Documents\\\\React\\\\amazonc-clone\\\\functions\\\\node_modules\\\\firebase-admin\\\\lib\\\\index.js\"}"}}
[debug] [2020-09-23T13:20:18.779Z] [runtime-status] [8908] Resolved module firebase-functions {"declared":true,"installed":true,"version":"3.11.0","resolution":"D:\\kevin.grondin\\Documents\\React\\amazonc-clone\\functions\\node_modules\\firebase-functions\\lib\\index.js"} {"metadata":{"emulator":{"name":"functions"},"message":"[runtime-status] [8908] Resolved module firebase-functions {\"declared\":true,\"installed\":true,\"version\":\"3.11.0\",\"resolution\":\"D:\\\\kevin.grondin\\\\Documents\\\\React\\\\amazonc-clone\\\\functions\\\\node_modules\\\\firebase-functions\\\\lib\\\\index.js\"}"}}
[debug] [2020-09-23T13:20:18.779Z] [runtime-status] [8908] firebase-admin has been stubbed. {"adminResolution":{"declared":true,"installed":true,"version":"8.13.0","resolution":"D:\\kevin.grondin\\Documents\\React\\amazonc-clone\\functions\\node_modules\\firebase-admin\\lib\\index.js"}} {"metadata":{"emulator":{"name":"functions"},"message":"[runtime-status] [8908] firebase-admin has been stubbed. {\"adminResolution\":{\"declared\":true,\"installed\":true,\"version\":\"8.13.0\",\"resolution\":\"D:\\\\kevin.grondin\\\\Documents\\\\React\\\\amazonc-clone\\\\functions\\\\node_modules\\\\firebase-admin\\\\lib\\\\index.js\"}}"}}
[debug] [2020-09-23T13:20:18.857Z] File D:\kevin.grondin\Documents\React\amazonc-clone\functions\index.js changed, reloading triggers {"metadata":{"emulator":{"name":"functions"},"message":"File D:\\kevin.grondin\\Documents\\React\\amazonc-clone\\functions\\index.js changed, reloading triggers"}}
